2019-04-21 10:17:10,501 Starting CategoryServiceImplTest on MacBook-Air-2.local with PID 63918 (started by snake in /Users/snake/git/demo)
2019-04-21 10:17:10,503 No active profile set, falling back to default profiles: default
2019-04-21 10:17:10,619 Refreshing org.springframework.web.context.support.GenericWebApplicationContext@1033576a: startup date [Sun Apr 21 10:17:10 CST 2019]; root of context hierarchy
2019-04-21 10:17:11,984 HV000001: Hibernate Validator 5.3.6.Final
2019-04-21 10:17:15,277 Bean 'org.springframework.transaction.annotation.ProxyTransactionManagementConfiguration' of type [org.springframework.transaction.annotation.ProxyTransactionManagementConfiguration$$EnhancerBySpringCGLIB$$b3c82822] is not eligible for getting processed by all BeanPostProcessors (for example: not eligible for auto-proxying)
2019-04-21 10:17:20,004 Building JPA container EntityManagerFactory for persistence unit 'default'
2019-04-21 10:17:20,056 HHH000204: Processing PersistenceUnitInfo [
	name: default
	...]
2019-04-21 10:17:20,374 HHH000412: Hibernate Core {5.0.12.Final}
2019-04-21 10:17:20,377 HHH000206: hibernate.properties not found
2019-04-21 10:17:20,380 HHH000021: Bytecode provider name : javassist
2019-04-21 10:17:20,515 HCANN000001: Hibernate Commons Annotations {5.0.1.Final}
2019-04-21 10:17:21,237 HHH000400: Using dialect: org.hibernate.dialect.MySQL5Dialect
2019-04-21 10:17:23,012 Initialized JPA EntityManagerFactory for persistence unit 'default'
2019-04-21 10:17:26,970 Looking for @ControllerAdvice: org.springframework.web.context.support.GenericWebApplicationContext@1033576a: startup date [Sun Apr 21 10:17:10 CST 2019]; root of context hierarchy
2019-04-21 10:17:27,305 Mapped "{[/error]}" onto public org.springframework.http.ResponseEntity<java.util.Map<java.lang.String, java.lang.Object>> org.springframework.boot.autoconfigure.web.BasicErrorController.error(javax.servlet.http.HttpServletRequest)
2019-04-21 10:17:27,309 Mapped "{[/error],produces=[text/html]}" onto public org.springframework.web.servlet.ModelAndView org.springframework.boot.autoconfigure.web.BasicErrorController.errorHtml(javax.servlet.http.HttpServletRequest,javax.servlet.http.HttpServletResponse)
2019-04-21 10:17:27,434 Mapped URL path [/webjars/**] onto handler of type [class org.springframework.web.servlet.resource.ResourceHttpRequestHandler]
2019-04-21 10:17:27,435 Mapped URL path [/**] onto handler of type [class org.springframework.web.servlet.resource.ResourceHttpRequestHandler]
2019-04-21 10:17:27,618 Mapped URL path [/**/favicon.ico] onto handler of type [class org.springframework.web.servlet.resource.ResourceHttpRequestHandler]
2019-04-21 10:17:29,241 Started CategoryServiceImplTest in 20.413 seconds (JVM running for 23.635)
2019-04-21 10:17:29,905 Closing org.springframework.web.context.support.GenericWebApplicationContext@1033576a: startup date [Sun Apr 21 10:17:10 CST 2019]; root of context hierarchy
2019-04-21 10:17:29,913 Closing JPA EntityManagerFactory for persistence unit 'default'
2019-04-21 10:28:12,548 Starting CategoryServiceImplTest on MacBook-Air-2.local with PID 64344 (started by snake in /Users/snake/git/demo)
2019-04-21 10:28:12,549 No active profile set, falling back to default profiles: default
2019-04-21 10:28:12,687 Refreshing org.springframework.web.context.support.GenericWebApplicationContext@7d9d0818: startup date [Sun Apr 21 10:28:12 CST 2019]; root of context hierarchy
2019-04-21 10:28:13,631 HV000001: Hibernate Validator 5.3.6.Final
2019-04-21 10:28:16,017 Bean 'org.springframework.transaction.annotation.ProxyTransactionManagementConfiguration' of type [org.springframework.transaction.annotation.ProxyTransactionManagementConfiguration$$EnhancerBySpringCGLIB$$ac7c63e1] is not eligible for getting processed by all BeanPostProcessors (for example: not eligible for auto-proxying)
2019-04-21 10:28:18,562 Building JPA container EntityManagerFactory for persistence unit 'default'
2019-04-21 10:28:18,598 HHH000204: Processing PersistenceUnitInfo [
	name: default
	...]
2019-04-21 10:28:18,776 HHH000412: Hibernate Core {5.0.12.Final}
2019-04-21 10:28:18,778 HHH000206: hibernate.properties not found
2019-04-21 10:28:18,781 HHH000021: Bytecode provider name : javassist
2019-04-21 10:28:18,856 HCANN000001: Hibernate Commons Annotations {5.0.1.Final}
2019-04-21 10:28:19,352 HHH000400: Using dialect: org.hibernate.dialect.MySQL5Dialect
2019-04-21 10:28:20,177 Initialized JPA EntityManagerFactory for persistence unit 'default'
2019-04-21 10:28:21,701 Looking for @ControllerAdvice: org.springframework.web.context.support.GenericWebApplicationContext@7d9d0818: startup date [Sun Apr 21 10:28:12 CST 2019]; root of context hierarchy
2019-04-21 10:28:21,838 Mapped "{[/error]}" onto public org.springframework.http.ResponseEntity<java.util.Map<java.lang.String, java.lang.Object>> org.springframework.boot.autoconfigure.web.BasicErrorController.error(javax.servlet.http.HttpServletRequest)
2019-04-21 10:28:21,840 Mapped "{[/error],produces=[text/html]}" onto public org.springframework.web.servlet.ModelAndView org.springframework.boot.autoconfigure.web.BasicErrorController.errorHtml(javax.servlet.http.HttpServletRequest,javax.servlet.http.HttpServletResponse)
2019-04-21 10:28:21,890 Mapped URL path [/webjars/**] onto handler of type [class org.springframework.web.servlet.resource.ResourceHttpRequestHandler]
2019-04-21 10:28:21,890 Mapped URL path [/**] onto handler of type [class org.springframework.web.servlet.resource.ResourceHttpRequestHandler]
2019-04-21 10:28:21,959 Mapped URL path [/**/favicon.ico] onto handler of type [class org.springframework.web.servlet.resource.ResourceHttpRequestHandler]
2019-04-21 10:28:22,372 Started CategoryServiceImplTest in 11.427 seconds (JVM running for 13.221)
2019-04-21 10:28:22,495 HHH000397: Using ASTQueryTranslatorFactory
2019-04-21 10:28:22,997 Closing org.springframework.web.context.support.GenericWebApplicationContext@7d9d0818: startup date [Sun Apr 21 10:28:12 CST 2019]; root of context hierarchy
2019-04-21 10:28:23,002 Closing JPA EntityManagerFactory for persistence unit 'default'
2019-04-21 11:05:11,301 Starting ProductInfoRepositoryTest on MacBook-Air-2.local with PID 66005 (started by snake in /Users/snake/git/demo)
2019-04-21 11:05:11,303 No active profile set, falling back to default profiles: default
2019-04-21 11:05:11,391 Refreshing org.springframework.web.context.support.GenericWebApplicationContext@6f10d5b6: startup date [Sun Apr 21 11:05:11 CST 2019]; root of context hierarchy
2019-04-21 11:05:12,726 HV000001: Hibernate Validator 5.3.6.Final
2019-04-21 11:05:15,675 Bean 'org.springframework.transaction.annotation.ProxyTransactionManagementConfiguration' of type [org.springframework.transaction.annotation.ProxyTransactionManagementConfiguration$$EnhancerBySpringCGLIB$$843f5ce3] is not eligible for getting processed by all BeanPostProcessors (for example: not eligible for auto-proxying)
2019-04-21 11:05:18,506 Building JPA container EntityManagerFactory for persistence unit 'default'
2019-04-21 11:05:18,576 HHH000204: Processing PersistenceUnitInfo [
	name: default
	...]
2019-04-21 11:05:18,774 HHH000412: Hibernate Core {5.0.12.Final}
2019-04-21 11:05:18,777 HHH000206: hibernate.properties not found
2019-04-21 11:05:18,781 HHH000021: Bytecode provider name : javassist
2019-04-21 11:05:18,903 HCANN000001: Hibernate Commons Annotations {5.0.1.Final}
2019-04-21 11:05:19,431 HHH000400: Using dialect: org.hibernate.dialect.MySQL5Dialect
2019-04-21 11:05:20,657 Initialized JPA EntityManagerFactory for persistence unit 'default'
2019-04-21 11:05:23,000 Looking for @ControllerAdvice: org.springframework.web.context.support.GenericWebApplicationContext@6f10d5b6: startup date [Sun Apr 21 11:05:11 CST 2019]; root of context hierarchy
2019-04-21 11:05:23,221 Mapped "{[/error]}" onto public org.springframework.http.ResponseEntity<java.util.Map<java.lang.String, java.lang.Object>> org.springframework.boot.autoconfigure.web.BasicErrorController.error(javax.servlet.http.HttpServletRequest)
2019-04-21 11:05:23,223 Mapped "{[/error],produces=[text/html]}" onto public org.springframework.web.servlet.ModelAndView org.springframework.boot.autoconfigure.web.BasicErrorController.errorHtml(javax.servlet.http.HttpServletRequest,javax.servlet.http.HttpServletResponse)
2019-04-21 11:05:23,519 Mapped URL path [/webjars/**] onto handler of type [class org.springframework.web.servlet.resource.ResourceHttpRequestHandler]
2019-04-21 11:05:23,520 Mapped URL path [/**] onto handler of type [class org.springframework.web.servlet.resource.ResourceHttpRequestHandler]
2019-04-21 11:05:23,685 Mapped URL path [/**/favicon.ico] onto handler of type [class org.springframework.web.servlet.resource.ResourceHttpRequestHandler]
2019-04-21 11:05:24,444 Started ProductInfoRepositoryTest in 14.467 seconds (JVM running for 16.112)
2019-04-21 11:05:24,819 SQL Error: 1054, SQLState: 42S22
2019-04-21 11:05:24,822 HHH000327: Error performing load command : org.hibernate.exception.SQLGrammarException: could not extract ResultSet
2019-04-21 11:05:24,868 Closing org.springframework.web.context.support.GenericWebApplicationContext@6f10d5b6: startup date [Sun Apr 21 11:05:11 CST 2019]; root of context hierarchy
2019-04-21 11:05:24,874 Closing JPA EntityManagerFactory for persistence unit 'default'
2019-04-21 11:06:05,879 Starting ProductInfoRepositoryTest on MacBook-Air-2.local with PID 66054 (started by snake in /Users/snake/git/demo)
2019-04-21 11:06:05,882 No active profile set, falling back to default profiles: default
2019-04-21 11:06:05,971 Refreshing org.springframework.web.context.support.GenericWebApplicationContext@6f10d5b6: startup date [Sun Apr 21 11:06:05 CST 2019]; root of context hierarchy
2019-04-21 11:06:06,861 HV000001: Hibernate Validator 5.3.6.Final
2019-04-21 11:06:08,597 Bean 'org.springframework.transaction.annotation.ProxyTransactionManagementConfiguration' of type [org.springframework.transaction.annotation.ProxyTransactionManagementConfiguration$$EnhancerBySpringCGLIB$$bdcefa06] is not eligible for getting processed by all BeanPostProcessors (for example: not eligible for auto-proxying)
2019-04-21 11:06:10,609 Building JPA container EntityManagerFactory for persistence unit 'default'
2019-04-21 11:06:10,653 HHH000204: Processing PersistenceUnitInfo [
	name: default
	...]
2019-04-21 11:06:10,849 HHH000412: Hibernate Core {5.0.12.Final}
2019-04-21 11:06:10,851 HHH000206: hibernate.properties not found
2019-04-21 11:06:10,853 HHH000021: Bytecode provider name : javassist
2019-04-21 11:06:10,944 HCANN000001: Hibernate Commons Annotations {5.0.1.Final}
2019-04-21 11:06:11,326 HHH000400: Using dialect: org.hibernate.dialect.MySQL5Dialect
2019-04-21 11:06:12,140 Initialized JPA EntityManagerFactory for persistence unit 'default'
2019-04-21 11:06:13,634 Looking for @ControllerAdvice: org.springframework.web.context.support.GenericWebApplicationContext@6f10d5b6: startup date [Sun Apr 21 11:06:05 CST 2019]; root of context hierarchy
2019-04-21 11:06:13,909 Mapped "{[/error]}" onto public org.springframework.http.ResponseEntity<java.util.Map<java.lang.String, java.lang.Object>> org.springframework.boot.autoconfigure.web.BasicErrorController.error(javax.servlet.http.HttpServletRequest)
2019-04-21 11:06:13,911 Mapped "{[/error],produces=[text/html]}" onto public org.springframework.web.servlet.ModelAndView org.springframework.boot.autoconfigure.web.BasicErrorController.errorHtml(javax.servlet.http.HttpServletRequest,javax.servlet.http.HttpServletResponse)
2019-04-21 11:06:13,958 Mapped URL path [/webjars/**] onto handler of type [class org.springframework.web.servlet.resource.ResourceHttpRequestHandler]
2019-04-21 11:06:13,958 Mapped URL path [/**] onto handler of type [class org.springframework.web.servlet.resource.ResourceHttpRequestHandler]
2019-04-21 11:06:14,021 Mapped URL path [/**/favicon.ico] onto handler of type [class org.springframework.web.servlet.resource.ResourceHttpRequestHandler]
2019-04-21 11:06:14,451 Started ProductInfoRepositoryTest in 9.987 seconds (JVM running for 11.637)
2019-04-21 11:06:14,666 SQL Error: 1054, SQLState: 42S22
2019-04-21 11:06:14,670 HHH000327: Error performing load command : org.hibernate.exception.SQLGrammarException: could not extract ResultSet
2019-04-21 11:06:14,704 Closing org.springframework.web.context.support.GenericWebApplicationContext@6f10d5b6: startup date [Sun Apr 21 11:06:05 CST 2019]; root of context hierarchy
2019-04-21 11:06:14,711 Closing JPA EntityManagerFactory for persistence unit 'default'
2019-04-21 11:07:20,999 Starting ProductInfoRepositoryTest on MacBook-Air-2.local with PID 66105 (started by snake in /Users/snake/git/demo)
2019-04-21 11:07:21,007 No active profile set, falling back to default profiles: default
2019-04-21 11:07:21,168 Refreshing org.springframework.web.context.support.GenericWebApplicationContext@6f10d5b6: startup date [Sun Apr 21 11:07:21 CST 2019]; root of context hierarchy
2019-04-21 11:07:22,287 HV000001: Hibernate Validator 5.3.6.Final
2019-04-21 11:07:24,690 Bean 'org.springframework.transaction.annotation.ProxyTransactionManagementConfiguration' of type [org.springframework.transaction.annotation.ProxyTransactionManagementConfiguration$$EnhancerBySpringCGLIB$$e7142617] is not eligible for getting processed by all BeanPostProcessors (for example: not eligible for auto-proxying)
2019-04-21 11:07:26,922 Building JPA container EntityManagerFactory for persistence unit 'default'
2019-04-21 11:07:26,957 HHH000204: Processing PersistenceUnitInfo [
	name: default
	...]
2019-04-21 11:07:27,083 HHH000412: Hibernate Core {5.0.12.Final}
2019-04-21 11:07:27,085 HHH000206: hibernate.properties not found
2019-04-21 11:07:27,087 HHH000021: Bytecode provider name : javassist
2019-04-21 11:07:27,147 HCANN000001: Hibernate Commons Annotations {5.0.1.Final}
2019-04-21 11:07:27,435 HHH000400: Using dialect: org.hibernate.dialect.MySQL5Dialect
2019-04-21 11:07:28,133 Initialized JPA EntityManagerFactory for persistence unit 'default'
2019-04-21 11:07:29,734 Looking for @ControllerAdvice: org.springframework.web.context.support.GenericWebApplicationContext@6f10d5b6: startup date [Sun Apr 21 11:07:21 CST 2019]; root of context hierarchy
2019-04-21 11:07:29,897 Mapped "{[/error]}" onto public org.springframework.http.ResponseEntity<java.util.Map<java.lang.String, java.lang.Object>> org.springframework.boot.autoconfigure.web.BasicErrorController.error(javax.servlet.http.HttpServletRequest)
2019-04-21 11:07:29,899 Mapped "{[/error],produces=[text/html]}" onto public org.springframework.web.servlet.ModelAndView org.springframework.boot.autoconfigure.web.BasicErrorController.errorHtml(javax.servlet.http.HttpServletRequest,javax.servlet.http.HttpServletResponse)
2019-04-21 11:07:29,965 Mapped URL path [/webjars/**] onto handler of type [class org.springframework.web.servlet.resource.ResourceHttpRequestHandler]
2019-04-21 11:07:29,965 Mapped URL path [/**] onto handler of type [class org.springframework.web.servlet.resource.ResourceHttpRequestHandler]
2019-04-21 11:07:30,046 Mapped URL path [/**/favicon.ico] onto handler of type [class org.springframework.web.servlet.resource.ResourceHttpRequestHandler]
2019-04-21 11:07:30,468 Started ProductInfoRepositoryTest in 10.955 seconds (JVM running for 12.615)
2019-04-21 11:07:30,818 Closing org.springframework.web.context.support.GenericWebApplicationContext@6f10d5b6: startup date [Sun Apr 21 11:07:21 CST 2019]; root of context hierarchy
2019-04-21 11:07:30,824 Closing JPA EntityManagerFactory for persistence unit 'default'
2019-04-21 11:10:18,010 Starting ProductInfoRepositoryTest on MacBook-Air-2.local with PID 66267 (started by snake in /Users/snake/git/demo)
2019-04-21 11:10:18,012 No active profile set, falling back to default profiles: default
2019-04-21 11:10:18,131 Refreshing org.springframework.web.context.support.GenericWebApplicationContext@6f10d5b6: startup date [Sun Apr 21 11:10:18 CST 2019]; root of context hierarchy
2019-04-21 11:10:19,080 HV000001: Hibernate Validator 5.3.6.Final
2019-04-21 11:10:20,927 Bean 'org.springframework.transaction.annotation.ProxyTransactionManagementConfiguration' of type [org.springframework.transaction.annotation.ProxyTransactionManagementConfiguration$$EnhancerBySpringCGLIB$$26cbf4e5] is not eligible for getting processed by all BeanPostProcessors (for example: not eligible for auto-proxying)
2019-04-21 11:10:23,010 Building JPA container EntityManagerFactory for persistence unit 'default'
2019-04-21 11:10:23,042 HHH000204: Processing PersistenceUnitInfo [
	name: default
	...]
2019-04-21 11:10:23,208 HHH000412: Hibernate Core {5.0.12.Final}
2019-04-21 11:10:23,210 HHH000206: hibernate.properties not found
2019-04-21 11:10:23,213 HHH000021: Bytecode provider name : javassist
2019-04-21 11:10:23,294 HCANN000001: Hibernate Commons Annotations {5.0.1.Final}
2019-04-21 11:10:23,733 HHH000400: Using dialect: org.hibernate.dialect.MySQL5Dialect
2019-04-21 11:10:24,571 Initialized JPA EntityManagerFactory for persistence unit 'default'
2019-04-21 11:10:26,739 Looking for @ControllerAdvice: org.springframework.web.context.support.GenericWebApplicationContext@6f10d5b6: startup date [Sun Apr 21 11:10:18 CST 2019]; root of context hierarchy
2019-04-21 11:10:26,923 Mapped "{[/error]}" onto public org.springframework.http.ResponseEntity<java.util.Map<java.lang.String, java.lang.Object>> org.springframework.boot.autoconfigure.web.BasicErrorController.error(javax.servlet.http.HttpServletRequest)
2019-04-21 11:10:26,925 Mapped "{[/error],produces=[text/html]}" onto public org.springframework.web.servlet.ModelAndView org.springframework.boot.autoconfigure.web.BasicErrorController.errorHtml(javax.servlet.http.HttpServletRequest,javax.servlet.http.HttpServletResponse)
2019-04-21 11:10:27,009 Mapped URL path [/webjars/**] onto handler of type [class org.springframework.web.servlet.resource.ResourceHttpRequestHandler]
2019-04-21 11:10:27,009 Mapped URL path [/**] onto handler of type [class org.springframework.web.servlet.resource.ResourceHttpRequestHandler]
2019-04-21 11:10:27,120 Mapped URL path [/**/favicon.ico] onto handler of type [class org.springframework.web.servlet.resource.ResourceHttpRequestHandler]
2019-04-21 11:10:27,735 Started ProductInfoRepositoryTest in 11.237 seconds (JVM running for 12.874)
2019-04-21 11:10:27,915 HHH000397: Using ASTQueryTranslatorFactory
2019-04-21 11:10:28,296 Closing org.springframework.web.context.support.GenericWebApplicationContext@6f10d5b6: startup date [Sun Apr 21 11:10:18 CST 2019]; root of context hierarchy
2019-04-21 11:10:28,302 Closing JPA EntityManagerFactory for persistence unit 'default'
2019-04-21 13:30:49,754 Starting ProductServiceImplTest on MacBook-Air-2.local with PID 70056 (started by snake in /Users/snake/git/demo)
2019-04-21 13:30:49,760 No active profile set, falling back to default profiles: default
2019-04-21 13:30:49,890 Refreshing org.springframework.web.context.support.GenericWebApplicationContext@792b749c: startup date [Sun Apr 21 13:30:49 CST 2019]; root of context hierarchy
2019-04-21 13:30:51,222 HV000001: Hibernate Validator 5.3.6.Final
2019-04-21 13:30:53,277 Bean 'org.springframework.transaction.annotation.ProxyTransactionManagementConfiguration' of type [org.springframework.transaction.annotation.ProxyTransactionManagementConfiguration$$EnhancerBySpringCGLIB$$e7142617] is not eligible for getting processed by all BeanPostProcessors (for example: not eligible for auto-proxying)
2019-04-21 13:30:56,613 Building JPA container EntityManagerFactory for persistence unit 'default'
2019-04-21 13:30:56,689 HHH000204: Processing PersistenceUnitInfo [
	name: default
	...]
2019-04-21 13:30:56,941 HHH000412: Hibernate Core {5.0.12.Final}
2019-04-21 13:30:56,944 HHH000206: hibernate.properties not found
2019-04-21 13:30:56,947 HHH000021: Bytecode provider name : javassist
2019-04-21 13:30:57,098 HCANN000001: Hibernate Commons Annotations {5.0.1.Final}
2019-04-21 13:30:57,802 HHH000400: Using dialect: org.hibernate.dialect.MySQL5Dialect
2019-04-21 13:30:59,810 Initialized JPA EntityManagerFactory for persistence unit 'default'
2019-04-21 13:31:03,091 Looking for @ControllerAdvice: org.springframework.web.context.support.GenericWebApplicationContext@792b749c: startup date [Sun Apr 21 13:30:49 CST 2019]; root of context hierarchy
2019-04-21 13:31:03,401 Mapped "{[/error]}" onto public org.springframework.http.ResponseEntity<java.util.Map<java.lang.String, java.lang.Object>> org.springframework.boot.autoconfigure.web.BasicErrorController.error(javax.servlet.http.HttpServletRequest)
2019-04-21 13:31:03,411 Mapped "{[/error],produces=[text/html]}" onto public org.springframework.web.servlet.ModelAndView org.springframework.boot.autoconfigure.web.BasicErrorController.errorHtml(javax.servlet.http.HttpServletRequest,javax.servlet.http.HttpServletResponse)
2019-04-21 13:31:03,509 Mapped URL path [/webjars/**] onto handler of type [class org.springframework.web.servlet.resource.ResourceHttpRequestHandler]
2019-04-21 13:31:03,510 Mapped URL path [/**] onto handler of type [class org.springframework.web.servlet.resource.ResourceHttpRequestHandler]
2019-04-21 13:31:03,661 Mapped URL path [/**/favicon.ico] onto handler of type [class org.springframework.web.servlet.resource.ResourceHttpRequestHandler]
2019-04-21 13:31:04,406 Started ProductServiceImplTest in 16.455 seconds (JVM running for 18.928)
2019-04-21 13:31:04,957 Closing org.springframework.web.context.support.GenericWebApplicationContext@792b749c: startup date [Sun Apr 21 13:30:49 CST 2019]; root of context hierarchy
2019-04-21 13:31:04,962 Closing JPA EntityManagerFactory for persistence unit 'default'
2019-04-21 22:03:30,340 Starting DemoApplication on MacBook-Air-2.local with PID 75453 (/Users/snake/git/demo/target/classes started by snake in /Users/snake/git/demo)
2019-04-21 22:03:30,352 No active profile set, falling back to default profiles: default
2019-04-21 22:03:30,686 Refreshing org.springframework.boot.context.embedded.AnnotationConfigEmbeddedWebApplicationContext@6dc17b83: startup date [Sun Apr 21 22:03:30 CST 2019]; root of context hierarchy
2019-04-21 22:03:30,951 HV000001: Hibernate Validator 5.3.6.Final
2019-04-21 22:03:33,714 Bean 'org.springframework.transaction.annotation.ProxyTransactionManagementConfiguration' of type [org.springframework.transaction.annotation.ProxyTransactionManagementConfiguration$$EnhancerBySpringCGLIB$$2240dfdb] is not eligible for getting processed by all BeanPostProcessors (for example: not eligible for auto-proxying)
2019-04-21 22:03:34,610 Tomcat initialized with port(s): 8080 (http)
2019-04-21 22:03:34,636 Initializing ProtocolHandler ["http-nio-8080"]
2019-04-21 22:03:34,651 Starting service [Tomcat]
2019-04-21 22:03:34,652 Starting Servlet Engine: Apache Tomcat/8.5.31
2019-04-21 22:03:34,845 Initializing Spring embedded WebApplicationContext
2019-04-21 22:03:34,846 Root WebApplicationContext: initialization completed in 4161 ms
2019-04-21 22:03:35,066 Mapping servlet: 'dispatcherServlet' to [/]
2019-04-21 22:03:35,073 Mapping filter: 'characterEncodingFilter' to: [/*]
2019-04-21 22:03:35,074 Mapping filter: 'hiddenHttpMethodFilter' to: [/*]
2019-04-21 22:03:35,074 Mapping filter: 'httpPutFormContentFilter' to: [/*]
2019-04-21 22:03:35,074 Mapping filter: 'requestContextFilter' to: [/*]
2019-04-21 22:03:36,860 Building JPA container EntityManagerFactory for persistence unit 'default'
2019-04-21 22:03:36,881 HHH000204: Processing PersistenceUnitInfo [
	name: default
	...]
2019-04-21 22:03:37,018 HHH000412: Hibernate Core {5.0.12.Final}
2019-04-21 22:03:37,020 HHH000206: hibernate.properties not found
2019-04-21 22:03:37,022 HHH000021: Bytecode provider name : javassist
2019-04-21 22:03:37,098 HCANN000001: Hibernate Commons Annotations {5.0.1.Final}
2019-04-21 22:03:37,301 HHH000400: Using dialect: org.hibernate.dialect.MySQL5Dialect
2019-04-21 22:03:38,228 Initialized JPA EntityManagerFactory for persistence unit 'default'
2019-04-21 22:03:39,063 Looking for @ControllerAdvice: org.springframework.boot.context.embedded.AnnotationConfigEmbeddedWebApplicationContext@6dc17b83: startup date [Sun Apr 21 22:03:30 CST 2019]; root of context hierarchy
2019-04-21 22:03:39,179 Mapped "{[/buyer/product/list],methods=[GET]}" onto public com.mgs.snake.VO.ResultVO com.mgs.snake.controller.BuyerProductController.list()
2019-04-21 22:03:39,187 Mapped "{[/error]}" onto public org.springframework.http.ResponseEntity<java.util.Map<java.lang.String, java.lang.Object>> org.springframework.boot.autoconfigure.web.BasicErrorController.error(javax.servlet.http.HttpServletRequest)
2019-04-21 22:03:39,188 Mapped "{[/error],produces=[text/html]}" onto public org.springframework.web.servlet.ModelAndView org.springframework.boot.autoconfigure.web.BasicErrorController.errorHtml(javax.servlet.http.HttpServletRequest,javax.servlet.http.HttpServletResponse)
2019-04-21 22:03:39,231 Mapped URL path [/webjars/**] onto handler of type [class org.springframework.web.servlet.resource.ResourceHttpRequestHandler]
2019-04-21 22:03:39,231 Mapped URL path [/**] onto handler of type [class org.springframework.web.servlet.resource.ResourceHttpRequestHandler]
2019-04-21 22:03:39,286 Mapped URL path [/**/favicon.ico] onto handler of type [class org.springframework.web.servlet.resource.ResourceHttpRequestHandler]
2019-04-21 22:03:39,570 Registering beans for JMX exposure on startup
2019-04-21 22:03:39,591 Starting ProtocolHandler ["http-nio-8080"]
2019-04-21 22:03:39,622 Pausing ProtocolHandler ["http-nio-8080"]
2019-04-21 22:03:39,622 Stopping service [Tomcat]
2019-04-21 22:03:39,631 The stop() method was called on component [StandardServer[-1]] after stop() had already been called. The second call will be ignored.
2019-04-21 22:03:39,632 Stopping ProtocolHandler ["http-nio-8080"]
2019-04-21 22:03:39,632 Destroying ProtocolHandler ["http-nio-8080"]
2019-04-21 22:03:39,637 

Error starting ApplicationContext. To display the auto-configuration report re-run your application with 'debug' enabled.
2019-04-21 22:03:39,643 Closing org.springframework.boot.context.embedded.AnnotationConfigEmbeddedWebApplicationContext@6dc17b83: startup date [Sun Apr 21 22:03:30 CST 2019]; root of context hierarchy
2019-04-21 22:03:39,645 Unregistering JMX-exposed beans on shutdown
2019-04-21 22:03:39,647 Closing JPA EntityManagerFactory for persistence unit 'default'
2019-04-21 22:04:48,669 Starting DemoApplication on MacBook-Air-2.local with PID 75595 (/Users/snake/git/demo/target/classes started by snake in /Users/snake/git/demo)
2019-04-21 22:04:48,691 No active profile set, falling back to default profiles: default
2019-04-21 22:04:48,873 Refreshing org.springframework.boot.context.embedded.AnnotationConfigEmbeddedWebApplicationContext@6dc17b83: startup date [Sun Apr 21 22:04:48 CST 2019]; root of context hierarchy
2019-04-21 22:04:49,060 HV000001: Hibernate Validator 5.3.6.Final
2019-04-21 22:04:51,231 Bean 'org.springframework.transaction.annotation.ProxyTransactionManagementConfiguration' of type [org.springframework.transaction.annotation.ProxyTransactionManagementConfiguration$$EnhancerBySpringCGLIB$$dc200530] is not eligible for getting processed by all BeanPostProcessors (for example: not eligible for auto-proxying)
2019-04-21 22:04:51,869 Tomcat initialized with port(s): 8080 (http)
2019-04-21 22:04:51,894 Initializing ProtocolHandler ["http-nio-8080"]
2019-04-21 22:04:51,908 Starting service [Tomcat]
2019-04-21 22:04:51,909 Starting Servlet Engine: Apache Tomcat/8.5.31
2019-04-21 22:04:52,035 Initializing Spring embedded WebApplicationContext
2019-04-21 22:04:52,035 Root WebApplicationContext: initialization completed in 3163 ms
2019-04-21 22:04:52,245 Mapping servlet: 'dispatcherServlet' to [/]
2019-04-21 22:04:52,253 Mapping filter: 'characterEncodingFilter' to: [/*]
2019-04-21 22:04:52,253 Mapping filter: 'hiddenHttpMethodFilter' to: [/*]
2019-04-21 22:04:52,254 Mapping filter: 'httpPutFormContentFilter' to: [/*]
2019-04-21 22:04:52,254 Mapping filter: 'requestContextFilter' to: [/*]
2019-04-21 22:04:53,960 Building JPA container EntityManagerFactory for persistence unit 'default'
2019-04-21 22:04:53,983 HHH000204: Processing PersistenceUnitInfo [
	name: default
	...]
2019-04-21 22:04:54,114 HHH000412: Hibernate Core {5.0.12.Final}
2019-04-21 22:04:54,116 HHH000206: hibernate.properties not found
2019-04-21 22:04:54,118 HHH000021: Bytecode provider name : javassist
2019-04-21 22:04:54,200 HCANN000001: Hibernate Commons Annotations {5.0.1.Final}
2019-04-21 22:04:54,404 HHH000400: Using dialect: org.hibernate.dialect.MySQL5Dialect
2019-04-21 22:04:55,249 Initialized JPA EntityManagerFactory for persistence unit 'default'
2019-04-21 22:04:56,472 Looking for @ControllerAdvice: org.springframework.boot.context.embedded.AnnotationConfigEmbeddedWebApplicationContext@6dc17b83: startup date [Sun Apr 21 22:04:48 CST 2019]; root of context hierarchy
2019-04-21 22:04:56,604 Mapped "{[/buyer/product/list],methods=[GET]}" onto public com.mgs.snake.VO.ResultVO com.mgs.snake.controller.BuyerProductController.list()
2019-04-21 22:04:56,612 Mapped "{[/error]}" onto public org.springframework.http.ResponseEntity<java.util.Map<java.lang.String, java.lang.Object>> org.springframework.boot.autoconfigure.web.BasicErrorController.error(javax.servlet.http.HttpServletRequest)
2019-04-21 22:04:56,612 Mapped "{[/error],produces=[text/html]}" onto public org.springframework.web.servlet.ModelAndView org.springframework.boot.autoconfigure.web.BasicErrorController.errorHtml(javax.servlet.http.HttpServletRequest,javax.servlet.http.HttpServletResponse)
2019-04-21 22:04:56,654 Mapped URL path [/webjars/**] onto handler of type [class org.springframework.web.servlet.resource.ResourceHttpRequestHandler]
2019-04-21 22:04:56,654 Mapped URL path [/**] onto handler of type [class org.springframework.web.servlet.resource.ResourceHttpRequestHandler]
2019-04-21 22:04:56,724 Mapped URL path [/**/favicon.ico] onto handler of type [class org.springframework.web.servlet.resource.ResourceHttpRequestHandler]
2019-04-21 22:04:57,092 Registering beans for JMX exposure on startup
2019-04-21 22:04:57,124 Starting ProtocolHandler ["http-nio-8080"]
2019-04-21 22:04:57,178 Using a shared selector for servlet write/read
2019-04-21 22:04:57,202 Tomcat started on port(s): 8080 (http)
2019-04-21 22:04:57,211 Started DemoApplication in 9.517 seconds (JVM running for 11.176)
2019-04-21 22:05:35,596 Initializing Spring FrameworkServlet 'dispatcherServlet'
2019-04-21 22:05:35,600 FrameworkServlet 'dispatcherServlet': initialization started
2019-04-21 22:05:35,663 FrameworkServlet 'dispatcherServlet': initialization completed in 62 ms
2019-04-21 22:11:32,159 Closing org.springframework.boot.context.embedded.AnnotationConfigEmbeddedWebApplicationContext@6dc17b83: startup date [Sun Apr 21 22:04:48 CST 2019]; root of context hierarchy
2019-04-21 22:11:32,188 Unregistering JMX-exposed beans on shutdown
2019-04-21 22:11:32,191 Closing JPA EntityManagerFactory for persistence unit 'default'
2019-04-21 22:11:38,280 Starting DemoApplication on MacBook-Air-2.local with PID 75902 (/Users/snake/git/demo/target/classes started by snake in /Users/snake/git/demo)
2019-04-21 22:11:38,284 No active profile set, falling back to default profiles: default
2019-04-21 22:11:38,437 Refreshing org.springframework.boot.context.embedded.AnnotationConfigEmbeddedWebApplicationContext@32eff876: startup date [Sun Apr 21 22:11:38 CST 2019]; root of context hierarchy
2019-04-21 22:11:38,594 HV000001: Hibernate Validator 5.3.6.Final
2019-04-21 22:11:40,180 Bean 'org.springframework.transaction.annotation.ProxyTransactionManagementConfiguration' of type [org.springframework.transaction.annotation.ProxyTransactionManagementConfiguration$$EnhancerBySpringCGLIB$$3e4ace18] is not eligible for getting processed by all BeanPostProcessors (for example: not eligible for auto-proxying)
2019-04-21 22:11:40,782 Tomcat initialized with port(s): 8080 (http)
2019-04-21 22:11:40,800 Initializing ProtocolHandler ["http-nio-8080"]
2019-04-21 22:11:40,815 Starting service [Tomcat]
2019-04-21 22:11:40,816 Starting Servlet Engine: Apache Tomcat/8.5.31
2019-04-21 22:11:40,918 Initializing Spring embedded WebApplicationContext
2019-04-21 22:11:40,919 Root WebApplicationContext: initialization completed in 2482 ms
2019-04-21 22:11:41,083 Mapping servlet: 'dispatcherServlet' to [/]
2019-04-21 22:11:41,087 Mapping filter: 'characterEncodingFilter' to: [/*]
2019-04-21 22:11:41,087 Mapping filter: 'hiddenHttpMethodFilter' to: [/*]
2019-04-21 22:11:41,087 Mapping filter: 'httpPutFormContentFilter' to: [/*]
2019-04-21 22:11:41,087 Mapping filter: 'requestContextFilter' to: [/*]
2019-04-21 22:11:42,108 Building JPA container EntityManagerFactory for persistence unit 'default'
2019-04-21 22:11:42,128 HHH000204: Processing PersistenceUnitInfo [
	name: default
	...]
2019-04-21 22:11:42,216 HHH000412: Hibernate Core {5.0.12.Final}
2019-04-21 22:11:42,217 HHH000206: hibernate.properties not found
2019-04-21 22:11:42,218 HHH000021: Bytecode provider name : javassist
2019-04-21 22:11:42,259 HCANN000001: Hibernate Commons Annotations {5.0.1.Final}
2019-04-21 22:11:42,348 HHH000400: Using dialect: org.hibernate.dialect.MySQL5Dialect
2019-04-21 22:11:42,938 Initialized JPA EntityManagerFactory for persistence unit 'default'
2019-04-21 22:11:43,672 Looking for @ControllerAdvice: org.springframework.boot.context.embedded.AnnotationConfigEmbeddedWebApplicationContext@32eff876: startup date [Sun Apr 21 22:11:38 CST 2019]; root of context hierarchy
2019-04-21 22:11:43,807 Mapped "{[/buyer/product/list],methods=[GET]}" onto public com.mgs.snake.VO.ResultVO com.mgs.snake.controller.BuyerProductController.list()
2019-04-21 22:11:43,816 Mapped "{[/error]}" onto public org.springframework.http.ResponseEntity<java.util.Map<java.lang.String, java.lang.Object>> org.springframework.boot.autoconfigure.web.BasicErrorController.error(javax.servlet.http.HttpServletRequest)
2019-04-21 22:11:43,818 Mapped "{[/error],produces=[text/html]}" onto public org.springframework.web.servlet.ModelAndView org.springframework.boot.autoconfigure.web.BasicErrorController.errorHtml(javax.servlet.http.HttpServletRequest,javax.servlet.http.HttpServletResponse)
2019-04-21 22:11:43,862 Mapped URL path [/webjars/**] onto handler of type [class org.springframework.web.servlet.resource.ResourceHttpRequestHandler]
2019-04-21 22:11:43,862 Mapped URL path [/**] onto handler of type [class org.springframework.web.servlet.resource.ResourceHttpRequestHandler]
2019-04-21 22:11:43,932 Mapped URL path [/**/favicon.ico] onto handler of type [class org.springframework.web.servlet.resource.ResourceHttpRequestHandler]
2019-04-21 22:11:44,264 Registering beans for JMX exposure on startup
2019-04-21 22:11:44,285 Starting ProtocolHandler ["http-nio-8080"]
2019-04-21 22:11:44,322 Using a shared selector for servlet write/read
2019-04-21 22:11:44,340 Tomcat started on port(s): 8080 (http)
2019-04-21 22:11:44,347 Started DemoApplication in 6.649 seconds (JVM running for 7.689)
2019-04-21 22:11:47,067 Initializing Spring FrameworkServlet 'dispatcherServlet'
2019-04-21 22:11:47,067 FrameworkServlet 'dispatcherServlet': initialization started
2019-04-21 22:11:47,093 FrameworkServlet 'dispatcherServlet': initialization completed in 26 ms
2019-04-21 22:34:58,696 Closing org.springframework.boot.context.embedded.AnnotationConfigEmbeddedWebApplicationContext@32eff876: startup date [Sun Apr 21 22:11:38 CST 2019]; root of context hierarchy
2019-04-21 22:34:58,739 Unregistering JMX-exposed beans on shutdown
2019-04-21 22:34:58,748 Closing JPA EntityManagerFactory for persistence unit 'default'
2019-04-21 22:35:06,077 Starting DemoApplication on MacBook-Air-2.local with PID 76806 (/Users/snake/git/demo/target/classes started by snake in /Users/snake/git/demo)
2019-04-21 22:35:06,090 No active profile set, falling back to default profiles: default
2019-04-21 22:35:06,202 Refreshing org.springframework.boot.context.embedded.AnnotationConfigEmbeddedWebApplicationContext@32eff876: startup date [Sun Apr 21 22:35:06 CST 2019]; root of context hierarchy
2019-04-21 22:35:06,359 HV000001: Hibernate Validator 5.3.6.Final
2019-04-21 22:35:08,017 Bean 'org.springframework.transaction.annotation.ProxyTransactionManagementConfiguration' of type [org.springframework.transaction.annotation.ProxyTransactionManagementConfiguration$$EnhancerBySpringCGLIB$$13f43034] is not eligible for getting processed by all BeanPostProcessors (for example: not eligible for auto-proxying)
2019-04-21 22:35:08,553 Tomcat initialized with port(s): 8080 (http)
2019-04-21 22:35:08,575 Initializing ProtocolHandler ["http-nio-8080"]
2019-04-21 22:35:08,588 Starting service [Tomcat]
2019-04-21 22:35:08,589 Starting Servlet Engine: Apache Tomcat/8.5.31
2019-04-21 22:35:08,701 Initializing Spring embedded WebApplicationContext
2019-04-21 22:35:08,701 Root WebApplicationContext: initialization completed in 2499 ms
2019-04-21 22:35:08,868 Mapping servlet: 'dispatcherServlet' to [/]
2019-04-21 22:35:08,871 Mapping filter: 'characterEncodingFilter' to: [/*]
2019-04-21 22:35:08,872 Mapping filter: 'hiddenHttpMethodFilter' to: [/*]
2019-04-21 22:35:08,872 Mapping filter: 'httpPutFormContentFilter' to: [/*]
2019-04-21 22:35:08,872 Mapping filter: 'requestContextFilter' to: [/*]
2019-04-21 22:35:09,803 Building JPA container EntityManagerFactory for persistence unit 'default'
2019-04-21 22:35:09,852 HHH000204: Processing PersistenceUnitInfo [
	name: default
	...]
2019-04-21 22:35:09,947 HHH000412: Hibernate Core {5.0.12.Final}
2019-04-21 22:35:09,948 HHH000206: hibernate.properties not found
2019-04-21 22:35:09,949 HHH000021: Bytecode provider name : javassist
2019-04-21 22:35:09,989 HCANN000001: Hibernate Commons Annotations {5.0.1.Final}
2019-04-21 22:35:10,098 HHH000400: Using dialect: org.hibernate.dialect.MySQL5Dialect
2019-04-21 22:35:10,617 Initialized JPA EntityManagerFactory for persistence unit 'default'
2019-04-21 22:35:11,125 Looking for @ControllerAdvice: org.springframework.boot.context.embedded.AnnotationConfigEmbeddedWebApplicationContext@32eff876: startup date [Sun Apr 21 22:35:06 CST 2019]; root of context hierarchy
2019-04-21 22:35:11,211 Mapped "{[/buyer/product/list],methods=[GET]}" onto public com.mgs.snake.VO.ResultVO com.mgs.snake.controller.BuyerProductController.list()
2019-04-21 22:35:11,216 Mapped "{[/error]}" onto public org.springframework.http.ResponseEntity<java.util.Map<java.lang.String, java.lang.Object>> org.springframework.boot.autoconfigure.web.BasicErrorController.error(javax.servlet.http.HttpServletRequest)
2019-04-21 22:35:11,216 Mapped "{[/error],produces=[text/html]}" onto public org.springframework.web.servlet.ModelAndView org.springframework.boot.autoconfigure.web.BasicErrorController.errorHtml(javax.servlet.http.HttpServletRequest,javax.servlet.http.HttpServletResponse)
2019-04-21 22:35:11,251 Mapped URL path [/webjars/**] onto handler of type [class org.springframework.web.servlet.resource.ResourceHttpRequestHandler]
2019-04-21 22:35:11,251 Mapped URL path [/**] onto handler of type [class org.springframework.web.servlet.resource.ResourceHttpRequestHandler]
2019-04-21 22:35:11,299 Mapped URL path [/**/favicon.ico] onto handler of type [class org.springframework.web.servlet.resource.ResourceHttpRequestHandler]
2019-04-21 22:35:11,643 Registering beans for JMX exposure on startup
2019-04-21 22:35:11,658 Starting ProtocolHandler ["http-nio-8080"]
2019-04-21 22:35:11,686 Using a shared selector for servlet write/read
2019-04-21 22:35:11,709 Tomcat started on port(s): 8080 (http)
2019-04-21 22:35:11,715 Started DemoApplication in 6.324 seconds (JVM running for 7.225)
2019-04-21 22:35:23,167 Initializing Spring FrameworkServlet 'dispatcherServlet'
2019-04-21 22:35:23,168 FrameworkServlet 'dispatcherServlet': initialization started
2019-04-21 22:35:23,190 FrameworkServlet 'dispatcherServlet': initialization completed in 22 ms
2019-04-21 23:17:15,450 Closing org.springframework.boot.context.embedded.AnnotationConfigEmbeddedWebApplicationContext@32eff876: startup date [Sun Apr 21 22:35:06 CST 2019]; root of context hierarchy
2019-04-21 23:17:15,935 Unregistering JMX-exposed beans on shutdown
2019-04-21 23:17:15,951 Closing JPA EntityManagerFactory for persistence unit 'default'
2019-04-21 23:17:26,447 Starting DemoApplication on MacBook-Air-2.local with PID 78529 (/Users/snake/git/demo/target/classes started by snake in /Users/snake/git/demo)
2019-04-21 23:17:26,452 No active profile set, falling back to default profiles: default
2019-04-21 23:17:26,714 Refreshing org.springframework.boot.context.embedded.AnnotationConfigEmbeddedWebApplicationContext@6dc17b83: startup date [Sun Apr 21 23:17:26 CST 2019]; root of context hierarchy
2019-04-21 23:17:27,084 HV000001: Hibernate Validator 5.3.6.Final
2019-04-21 23:17:30,074 Bean 'org.springframework.transaction.annotation.ProxyTransactionManagementConfiguration' of type [org.springframework.transaction.annotation.ProxyTransactionManagementConfiguration$$EnhancerBySpringCGLIB$$3e4ace18] is not eligible for getting processed by all BeanPostProcessors (for example: not eligible for auto-proxying)
2019-04-21 23:17:31,464 Tomcat initialized with port(s): 8080 (http)
2019-04-21 23:17:31,488 Initializing ProtocolHandler ["http-nio-8080"]
2019-04-21 23:17:31,506 Starting service [Tomcat]
2019-04-21 23:17:31,507 Starting Servlet Engine: Apache Tomcat/8.5.31
2019-04-21 23:17:31,630 Initializing Spring embedded WebApplicationContext
2019-04-21 23:17:31,630 Root WebApplicationContext: initialization completed in 4917 ms
2019-04-21 23:17:31,855 Mapping servlet: 'dispatcherServlet' to [/]
2019-04-21 23:17:31,866 Mapping filter: 'characterEncodingFilter' to: [/*]
2019-04-21 23:17:31,867 Mapping filter: 'hiddenHttpMethodFilter' to: [/*]
2019-04-21 23:17:31,868 Mapping filter: 'httpPutFormContentFilter' to: [/*]
2019-04-21 23:17:31,868 Mapping filter: 'requestContextFilter' to: [/*]
2019-04-21 23:17:33,357 Building JPA container EntityManagerFactory for persistence unit 'default'
2019-04-21 23:17:33,379 HHH000204: Processing PersistenceUnitInfo [
	name: default
	...]
2019-04-21 23:17:33,513 HHH000412: Hibernate Core {5.0.12.Final}
2019-04-21 23:17:33,515 HHH000206: hibernate.properties not found
2019-04-21 23:17:33,529 HHH000021: Bytecode provider name : javassist
2019-04-21 23:17:33,661 HCANN000001: Hibernate Commons Annotations {5.0.1.Final}
2019-04-21 23:17:33,842 HHH000400: Using dialect: org.hibernate.dialect.MySQL5Dialect
2019-04-21 23:17:34,669 Initialized JPA EntityManagerFactory for persistence unit 'default'
2019-04-21 23:17:35,538 Looking for @ControllerAdvice: org.springframework.boot.context.embedded.AnnotationConfigEmbeddedWebApplicationContext@6dc17b83: startup date [Sun Apr 21 23:17:26 CST 2019]; root of context hierarchy
2019-04-21 23:17:35,646 Mapped "{[/buyer/product/list],methods=[GET]}" onto public com.mgs.snake.VO.ResultVO com.mgs.snake.controller.BuyerProductController.list()
2019-04-21 23:17:35,654 Mapped "{[/error]}" onto public org.springframework.http.ResponseEntity<java.util.Map<java.lang.String, java.lang.Object>> org.springframework.boot.autoconfigure.web.BasicErrorController.error(javax.servlet.http.HttpServletRequest)
2019-04-21 23:17:35,654 Mapped "{[/error],produces=[text/html]}" onto public org.springframework.web.servlet.ModelAndView org.springframework.boot.autoconfigure.web.BasicErrorController.errorHtml(javax.servlet.http.HttpServletRequest,javax.servlet.http.HttpServletResponse)
2019-04-21 23:17:35,689 Mapped URL path [/webjars/**] onto handler of type [class org.springframework.web.servlet.resource.ResourceHttpRequestHandler]
2019-04-21 23:17:35,689 Mapped URL path [/**] onto handler of type [class org.springframework.web.servlet.resource.ResourceHttpRequestHandler]
2019-04-21 23:17:35,740 Mapped URL path [/**/favicon.ico] onto handler of type [class org.springframework.web.servlet.resource.ResourceHttpRequestHandler]
2019-04-21 23:17:36,048 Registering beans for JMX exposure on startup
2019-04-21 23:17:36,072 Starting ProtocolHandler ["http-nio-8080"]
2019-04-21 23:17:36,106 Using a shared selector for servlet write/read
2019-04-21 23:17:36,129 Tomcat started on port(s): 8080 (http)
2019-04-21 23:17:36,136 Started DemoApplication in 10.534 seconds (JVM running for 12.08)
2019-04-21 23:17:36,472 Initializing Spring FrameworkServlet 'dispatcherServlet'
2019-04-21 23:17:36,472 FrameworkServlet 'dispatcherServlet': initialization started
2019-04-21 23:17:36,516 FrameworkServlet 'dispatcherServlet': initialization completed in 44 ms
2019-04-21 23:17:36,615 HHH000397: Using ASTQueryTranslatorFactory
2019-04-21 23:19:41,991 Starting ProductServiceImplTest on MacBook-Air-2.local with PID 78630 (started by snake in /Users/snake/git/demo)
2019-04-21 23:19:41,992 No active profile set, falling back to default profiles: default
2019-04-21 23:19:42,126 Refreshing org.springframework.web.context.support.GenericWebApplicationContext@609e8838: startup date [Sun Apr 21 23:19:42 CST 2019]; root of context hierarchy
2019-04-21 23:19:43,300 HV000001: Hibernate Validator 5.3.6.Final
2019-04-21 23:19:45,768 Bean 'org.springframework.transaction.annotation.ProxyTransactionManagementConfiguration' of type [org.springframework.transaction.annotation.ProxyTransactionManagementConfiguration$$EnhancerBySpringCGLIB$$4237faac] is not eligible for getting processed by all BeanPostProcessors (for example: not eligible for auto-proxying)
2019-04-21 23:19:49,341 Building JPA container EntityManagerFactory for persistence unit 'default'
2019-04-21 23:19:49,382 HHH000204: Processing PersistenceUnitInfo [
	name: default
	...]
2019-04-21 23:19:49,605 HHH000412: Hibernate Core {5.0.12.Final}
2019-04-21 23:19:49,610 HHH000206: hibernate.properties not found
2019-04-21 23:19:49,613 HHH000021: Bytecode provider name : javassist
2019-04-21 23:19:49,753 HCANN000001: Hibernate Commons Annotations {5.0.1.Final}
2019-04-21 23:19:50,304 HHH000400: Using dialect: org.hibernate.dialect.MySQL5Dialect
2019-04-21 23:19:51,395 Initialized JPA EntityManagerFactory for persistence unit 'default'
2019-04-21 23:19:53,767 Looking for @ControllerAdvice: org.springframework.web.context.support.GenericWebApplicationContext@609e8838: startup date [Sun Apr 21 23:19:42 CST 2019]; root of context hierarchy
2019-04-21 23:19:54,021 Mapped "{[/buyer/product/list],methods=[GET]}" onto public com.mgs.snake.VO.ResultVO com.mgs.snake.controller.BuyerProductController.list()
2019-04-21 23:19:54,025 Mapped "{[/error]}" onto public org.springframework.http.ResponseEntity<java.util.Map<java.lang.String, java.lang.Object>> org.springframework.boot.autoconfigure.web.BasicErrorController.error(javax.servlet.http.HttpServletRequest)
2019-04-21 23:19:54,026 Mapped "{[/error],produces=[text/html]}" onto public org.springframework.web.servlet.ModelAndView org.springframework.boot.autoconfigure.web.BasicErrorController.errorHtml(javax.servlet.http.HttpServletRequest,javax.servlet.http.HttpServletResponse)
2019-04-21 23:19:54,114 Mapped URL path [/webjars/**] onto handler of type [class org.springframework.web.servlet.resource.ResourceHttpRequestHandler]
2019-04-21 23:19:54,114 Mapped URL path [/**] onto handler of type [class org.springframework.web.servlet.resource.ResourceHttpRequestHandler]
2019-04-21 23:19:54,205 Mapped URL path [/**/favicon.ico] onto handler of type [class org.springframework.web.servlet.resource.ResourceHttpRequestHandler]
2019-04-21 23:19:54,798 Started ProductServiceImplTest in 14.334 seconds (JVM running for 15.752)
2019-04-21 23:19:55,141 Closing org.springframework.web.context.support.GenericWebApplicationContext@609e8838: startup date [Sun Apr 21 23:19:42 CST 2019]; root of context hierarchy
2019-04-21 23:19:55,148 Closing JPA EntityManagerFactory for persistence unit 'default'
2019-04-21 23:20:07,256 Closing org.springframework.boot.context.embedded.AnnotationConfigEmbeddedWebApplicationContext@6dc17b83: startup date [Sun Apr 21 23:17:26 CST 2019]; root of context hierarchy
2019-04-21 23:20:07,273 Unregistering JMX-exposed beans on shutdown
2019-04-21 23:20:07,277 Closing JPA EntityManagerFactory for persistence unit 'default'
2019-04-21 23:20:14,184 Starting DemoApplication on MacBook-Air-2.local with PID 78662 (/Users/snake/git/demo/target/classes started by snake in /Users/snake/git/demo)
2019-04-21 23:20:14,189 No active profile set, falling back to default profiles: default
2019-04-21 23:20:14,328 Refreshing org.springframework.boot.context.embedded.AnnotationConfigEmbeddedWebApplicationContext@6dc17b83: startup date [Sun Apr 21 23:20:14 CST 2019]; root of context hierarchy
2019-04-21 23:20:14,511 HV000001: Hibernate Validator 5.3.6.Final
2019-04-21 23:20:18,063 Bean 'org.springframework.transaction.annotation.ProxyTransactionManagementConfiguration' of type [org.springframework.transaction.annotation.ProxyTransactionManagementConfiguration$$EnhancerBySpringCGLIB$$ce9629ac] is not eligible for getting processed by all BeanPostProcessors (for example: not eligible for auto-proxying)
2019-04-21 23:20:18,703 Tomcat initialized with port(s): 8080 (http)
2019-04-21 23:20:18,731 Initializing ProtocolHandler ["http-nio-8080"]
2019-04-21 23:20:18,749 Starting service [Tomcat]
2019-04-21 23:20:18,749 Starting Servlet Engine: Apache Tomcat/8.5.31
2019-04-21 23:20:18,986 Initializing Spring embedded WebApplicationContext
2019-04-21 23:20:18,987 Root WebApplicationContext: initialization completed in 4659 ms
2019-04-21 23:20:19,217 Mapping servlet: 'dispatcherServlet' to [/]
2019-04-21 23:20:19,222 Mapping filter: 'characterEncodingFilter' to: [/*]
2019-04-21 23:20:19,222 Mapping filter: 'hiddenHttpMethodFilter' to: [/*]
2019-04-21 23:20:19,222 Mapping filter: 'httpPutFormContentFilter' to: [/*]
2019-04-21 23:20:19,222 Mapping filter: 'requestContextFilter' to: [/*]
2019-04-21 23:20:20,403 Building JPA container EntityManagerFactory for persistence unit 'default'
2019-04-21 23:20:20,427 HHH000204: Processing PersistenceUnitInfo [
	name: default
	...]
2019-04-21 23:20:20,511 HHH000412: Hibernate Core {5.0.12.Final}
2019-04-21 23:20:20,512 HHH000206: hibernate.properties not found
2019-04-21 23:20:20,514 HHH000021: Bytecode provider name : javassist
2019-04-21 23:20:20,564 HCANN000001: Hibernate Commons Annotations {5.0.1.Final}
2019-04-21 23:20:20,686 HHH000400: Using dialect: org.hibernate.dialect.MySQL5Dialect
2019-04-21 23:20:21,571 Initialized JPA EntityManagerFactory for persistence unit 'default'
2019-04-21 23:20:22,428 Looking for @ControllerAdvice: org.springframework.boot.context.embedded.AnnotationConfigEmbeddedWebApplicationContext@6dc17b83: startup date [Sun Apr 21 23:20:14 CST 2019]; root of context hierarchy
2019-04-21 23:20:22,607 Mapped "{[/buyer/product/list],methods=[GET]}" onto public com.mgs.snake.VO.ResultVO com.mgs.snake.controller.BuyerProductController.list()
2019-04-21 23:20:22,615 Mapped "{[/error]}" onto public org.springframework.http.ResponseEntity<java.util.Map<java.lang.String, java.lang.Object>> org.springframework.boot.autoconfigure.web.BasicErrorController.error(javax.servlet.http.HttpServletRequest)
2019-04-21 23:20:22,616 Mapped "{[/error],produces=[text/html]}" onto public org.springframework.web.servlet.ModelAndView org.springframework.boot.autoconfigure.web.BasicErrorController.errorHtml(javax.servlet.http.HttpServletRequest,javax.servlet.http.HttpServletResponse)
2019-04-21 23:20:22,673 Mapped URL path [/webjars/**] onto handler of type [class org.springframework.web.servlet.resource.ResourceHttpRequestHandler]
2019-04-21 23:20:22,673 Mapped URL path [/**] onto handler of type [class org.springframework.web.servlet.resource.ResourceHttpRequestHandler]
2019-04-21 23:20:22,759 Mapped URL path [/**/favicon.ico] onto handler of type [class org.springframework.web.servlet.resource.ResourceHttpRequestHandler]
2019-04-21 23:20:23,213 Registering beans for JMX exposure on startup
2019-04-21 23:20:23,237 Starting ProtocolHandler ["http-nio-8080"]
2019-04-21 23:20:23,285 Using a shared selector for servlet write/read
2019-04-21 23:20:23,307 Tomcat started on port(s): 8080 (http)
2019-04-21 23:20:23,321 Started DemoApplication in 9.975 seconds (JVM running for 11.276)
2019-04-21 23:20:27,601 Initializing Spring FrameworkServlet 'dispatcherServlet'
2019-04-21 23:20:27,602 FrameworkServlet 'dispatcherServlet': initialization started
2019-04-21 23:20:27,624 FrameworkServlet 'dispatcherServlet': initialization completed in 22 ms
2019-04-21 23:20:27,669 HHH000397: Using ASTQueryTranslatorFactory
2019-04-21 23:21:40,841 Closing org.springframework.boot.context.embedded.AnnotationConfigEmbeddedWebApplicationContext@6dc17b83: startup date [Sun Apr 21 23:20:14 CST 2019]; root of context hierarchy
2019-04-21 23:21:40,869 Unregistering JMX-exposed beans on shutdown
2019-04-21 23:21:40,873 Closing JPA EntityManagerFactory for persistence unit 'default'
2019-04-21 23:21:49,831 Starting DemoApplication on MacBook-Air-2.local with PID 78727 (/Users/snake/git/demo/target/classes started by snake in /Users/snake/git/demo)
2019-04-21 23:21:49,836 No active profile set, falling back to default profiles: default
2019-04-21 23:21:50,031 Refreshing org.springframework.boot.context.embedded.AnnotationConfigEmbeddedWebApplicationContext@39ac0c0a: startup date [Sun Apr 21 23:21:50 CST 2019]; root of context hierarchy
2019-04-21 23:21:50,164 HV000001: Hibernate Validator 5.3.6.Final
2019-04-21 23:21:51,428 Bean 'org.springframework.transaction.annotation.ProxyTransactionManagementConfiguration' of type [org.springframework.transaction.annotation.ProxyTransactionManagementConfiguration$$EnhancerBySpringCGLIB$$61e22ad6] is not eligible for getting processed by all BeanPostProcessors (for example: not eligible for auto-proxying)
2019-04-21 23:21:52,163 Tomcat initialized with port(s): 8080 (http)
2019-04-21 23:21:52,183 Initializing ProtocolHandler ["http-nio-8080"]
2019-04-21 23:21:52,196 Starting service [Tomcat]
2019-04-21 23:21:52,197 Starting Servlet Engine: Apache Tomcat/8.5.31
2019-04-21 23:21:52,310 Initializing Spring embedded WebApplicationContext
2019-04-21 23:21:52,311 Root WebApplicationContext: initialization completed in 2280 ms
2019-04-21 23:21:52,507 Mapping servlet: 'dispatcherServlet' to [/]
2019-04-21 23:21:52,514 Mapping filter: 'characterEncodingFilter' to: [/*]
2019-04-21 23:21:52,515 Mapping filter: 'hiddenHttpMethodFilter' to: [/*]
2019-04-21 23:21:52,515 Mapping filter: 'httpPutFormContentFilter' to: [/*]
2019-04-21 23:21:52,515 Mapping filter: 'requestContextFilter' to: [/*]
2019-04-21 23:21:53,664 Building JPA container EntityManagerFactory for persistence unit 'default'
2019-04-21 23:21:53,681 HHH000204: Processing PersistenceUnitInfo [
	name: default
	...]
2019-04-21 23:21:53,768 HHH000412: Hibernate Core {5.0.12.Final}
2019-04-21 23:21:53,770 HHH000206: hibernate.properties not found
2019-04-21 23:21:53,771 HHH000021: Bytecode provider name : javassist
2019-04-21 23:21:53,826 HCANN000001: Hibernate Commons Annotations {5.0.1.Final}
2019-04-21 23:21:54,159 HHH000400: Using dialect: org.hibernate.dialect.MySQL5Dialect
2019-04-21 23:21:54,724 Initialized JPA EntityManagerFactory for persistence unit 'default'
2019-04-21 23:21:55,542 Looking for @ControllerAdvice: org.springframework.boot.context.embedded.AnnotationConfigEmbeddedWebApplicationContext@39ac0c0a: startup date [Sun Apr 21 23:21:50 CST 2019]; root of context hierarchy
2019-04-21 23:21:55,650 Mapped "{[/buyer/product/list],methods=[GET]}" onto public com.mgs.snake.VO.ResultVO com.mgs.snake.controller.BuyerProductController.list()
2019-04-21 23:21:55,662 Mapped "{[/error]}" onto public org.springframework.http.ResponseEntity<java.util.Map<java.lang.String, java.lang.Object>> org.springframework.boot.autoconfigure.web.BasicErrorController.error(javax.servlet.http.HttpServletRequest)
2019-04-21 23:21:55,663 Mapped "{[/error],produces=[text/html]}" onto public org.springframework.web.servlet.ModelAndView org.springframework.boot.autoconfigure.web.BasicErrorController.errorHtml(javax.servlet.http.HttpServletRequest,javax.servlet.http.HttpServletResponse)
2019-04-21 23:21:55,723 Mapped URL path [/webjars/**] onto handler of type [class org.springframework.web.servlet.resource.ResourceHttpRequestHandler]
2019-04-21 23:21:55,723 Mapped URL path [/**] onto handler of type [class org.springframework.web.servlet.resource.ResourceHttpRequestHandler]
2019-04-21 23:21:55,832 Mapped URL path [/**/favicon.ico] onto handler of type [class org.springframework.web.servlet.resource.ResourceHttpRequestHandler]
2019-04-21 23:21:56,274 Registering beans for JMX exposure on startup
2019-04-21 23:21:56,302 Starting ProtocolHandler ["http-nio-8080"]
2019-04-21 23:21:56,332 Using a shared selector for servlet write/read
2019-04-21 23:21:56,365 Tomcat started on port(s): 8080 (http)
2019-04-21 23:21:56,373 Started DemoApplication in 7.381 seconds (JVM running for 9.3)
2019-04-21 23:22:11,546 Initializing Spring FrameworkServlet 'dispatcherServlet'
2019-04-21 23:22:11,547 FrameworkServlet 'dispatcherServlet': initialization started
2019-04-21 23:22:11,571 FrameworkServlet 'dispatcherServlet': initialization completed in 24 ms
2019-04-21 23:22:11,638 HHH000397: Using ASTQueryTranslatorFactory
2019-04-21 23:23:17,823 Closing org.springframework.boot.context.embedded.AnnotationConfigEmbeddedWebApplicationContext@39ac0c0a: startup date [Sun Apr 21 23:21:50 CST 2019]; root of context hierarchy
2019-04-21 23:23:17,850 Unregistering JMX-exposed beans on shutdown
2019-04-21 23:23:17,853 Closing JPA EntityManagerFactory for persistence unit 'default'
2019-04-21 23:26:01,393 Starting DemoApplication on MacBook-Air-2.local with PID 78892 (/Users/snake/git/demo/target/classes started by snake in /Users/snake/git/demo)
2019-04-21 23:26:01,398 No active profile set, falling back to default profiles: default
2019-04-21 23:26:01,501 Refreshing org.springframework.boot.context.embedded.AnnotationConfigEmbeddedWebApplicationContext@5e0826e7: startup date [Sun Apr 21 23:26:01 CST 2019]; root of context hierarchy
2019-04-21 23:26:01,696 HV000001: Hibernate Validator 5.3.6.Final
2019-04-21 23:26:03,311 Bean 'org.springframework.transaction.annotation.ProxyTransactionManagementConfiguration' of type [org.springframework.transaction.annotation.ProxyTransactionManagementConfiguration$$EnhancerBySpringCGLIB$$9596a5c4] is not eligible for getting processed by all BeanPostProcessors (for example: not eligible for auto-proxying)
2019-04-21 23:26:03,882 Tomcat initialized with port(s): 8080 (http)
2019-04-21 23:26:03,906 Initializing ProtocolHandler ["http-nio-8080"]
2019-04-21 23:26:03,918 Starting service [Tomcat]
2019-04-21 23:26:03,918 Starting Servlet Engine: Apache Tomcat/8.5.31
2019-04-21 23:26:04,069 Initializing Spring embedded WebApplicationContext
2019-04-21 23:26:04,078 Root WebApplicationContext: initialization completed in 2577 ms
2019-04-21 23:26:04,249 Mapping servlet: 'dispatcherServlet' to [/]
2019-04-21 23:26:04,254 Mapping filter: 'characterEncodingFilter' to: [/*]
2019-04-21 23:26:04,255 Mapping filter: 'hiddenHttpMethodFilter' to: [/*]
2019-04-21 23:26:04,255 Mapping filter: 'httpPutFormContentFilter' to: [/*]
2019-04-21 23:26:04,255 Mapping filter: 'requestContextFilter' to: [/*]
2019-04-21 23:26:05,537 Building JPA container EntityManagerFactory for persistence unit 'default'
2019-04-21 23:26:05,558 HHH000204: Processing PersistenceUnitInfo [
	name: default
	...]
2019-04-21 23:26:05,636 HHH000412: Hibernate Core {5.0.12.Final}
2019-04-21 23:26:05,637 HHH000206: hibernate.properties not found
2019-04-21 23:26:05,640 HHH000021: Bytecode provider name : javassist
2019-04-21 23:26:05,685 HCANN000001: Hibernate Commons Annotations {5.0.1.Final}
2019-04-21 23:26:05,835 HHH000400: Using dialect: org.hibernate.dialect.MySQL5Dialect
2019-04-21 23:26:06,439 Initialized JPA EntityManagerFactory for persistence unit 'default'
2019-04-21 23:26:07,142 Looking for @ControllerAdvice: org.springframework.boot.context.embedded.AnnotationConfigEmbeddedWebApplicationContext@5e0826e7: startup date [Sun Apr 21 23:26:01 CST 2019]; root of context hierarchy
2019-04-21 23:26:07,229 Mapped "{[/buyer/product/list],methods=[GET]}" onto public com.mgs.snake.VO.ResultVO com.mgs.snake.controller.BuyerProductController.list()
2019-04-21 23:26:07,234 Mapped "{[/error]}" onto public org.springframework.http.ResponseEntity<java.util.Map<java.lang.String, java.lang.Object>> org.springframework.boot.autoconfigure.web.BasicErrorController.error(javax.servlet.http.HttpServletRequest)
2019-04-21 23:26:07,234 Mapped "{[/error],produces=[text/html]}" onto public org.springframework.web.servlet.ModelAndView org.springframework.boot.autoconfigure.web.BasicErrorController.errorHtml(javax.servlet.http.HttpServletRequest,javax.servlet.http.HttpServletResponse)
2019-04-21 23:26:07,265 Mapped URL path [/webjars/**] onto handler of type [class org.springframework.web.servlet.resource.ResourceHttpRequestHandler]
2019-04-21 23:26:07,266 Mapped URL path [/**] onto handler of type [class org.springframework.web.servlet.resource.ResourceHttpRequestHandler]
2019-04-21 23:26:07,308 Mapped URL path [/**/favicon.ico] onto handler of type [class org.springframework.web.servlet.resource.ResourceHttpRequestHandler]
2019-04-21 23:26:07,629 Registering beans for JMX exposure on startup
2019-04-21 23:26:07,649 Starting ProtocolHandler ["http-nio-8080"]
2019-04-21 23:26:07,679 Using a shared selector for servlet write/read
2019-04-21 23:26:07,694 Tomcat started on port(s): 8080 (http)
2019-04-21 23:26:07,702 Started DemoApplication in 7.102 seconds (JVM running for 8.165)
2019-04-21 23:26:11,117 Initializing Spring FrameworkServlet 'dispatcherServlet'
2019-04-21 23:26:11,117 FrameworkServlet 'dispatcherServlet': initialization started
2019-04-21 23:26:11,141 FrameworkServlet 'dispatcherServlet': initialization completed in 24 ms
2019-04-21 23:26:11,192 HHH000397: Using ASTQueryTranslatorFactory
2019-04-21 23:27:52,975 Closing org.springframework.boot.context.embedded.AnnotationConfigEmbeddedWebApplicationContext@5e0826e7: startup date [Sun Apr 21 23:26:01 CST 2019]; root of context hierarchy
2019-04-21 23:27:53,011 Unregistering JMX-exposed beans on shutdown
2019-04-21 23:27:53,017 Closing JPA EntityManagerFactory for persistence unit 'default'
2019-04-21 23:28:53,505 Starting ProductServiceImplTest on MacBook-Air-2.local with PID 79028 (started by snake in /Users/snake/git/demo)
2019-04-21 23:28:53,507 No active profile set, falling back to default profiles: default
2019-04-21 23:28:53,577 Refreshing org.springframework.web.context.support.GenericWebApplicationContext@609e8838: startup date [Sun Apr 21 23:28:53 CST 2019]; root of context hierarchy
2019-04-21 23:28:54,565 HV000001: Hibernate Validator 5.3.6.Final
2019-04-21 23:28:56,233 Bean 'org.springframework.transaction.annotation.ProxyTransactionManagementConfiguration' of type [org.springframework.transaction.annotation.ProxyTransactionManagementConfiguration$$EnhancerBySpringCGLIB$$74f48dbf] is not eligible for getting processed by all BeanPostProcessors (for example: not eligible for auto-proxying)
2019-04-21 23:28:58,254 Building JPA container EntityManagerFactory for persistence unit 'default'
2019-04-21 23:28:58,288 HHH000204: Processing PersistenceUnitInfo [
	name: default
	...]
2019-04-21 23:28:58,397 HHH000412: Hibernate Core {5.0.12.Final}
2019-04-21 23:28:58,400 HHH000206: hibernate.properties not found
2019-04-21 23:28:58,402 HHH000021: Bytecode provider name : javassist
2019-04-21 23:28:58,464 HCANN000001: Hibernate Commons Annotations {5.0.1.Final}
2019-04-21 23:28:58,804 HHH000400: Using dialect: org.hibernate.dialect.MySQL5Dialect
2019-04-21 23:28:59,481 Initialized JPA EntityManagerFactory for persistence unit 'default'
2019-04-21 23:29:00,959 Looking for @ControllerAdvice: org.springframework.web.context.support.GenericWebApplicationContext@609e8838: startup date [Sun Apr 21 23:28:53 CST 2019]; root of context hierarchy
2019-04-21 23:29:01,092 Mapped "{[/buyer/product/list],methods=[GET]}" onto public com.mgs.snake.VO.ResultVO com.mgs.snake.controller.BuyerProductController.list()
2019-04-21 23:29:01,096 Mapped "{[/error]}" onto public org.springframework.http.ResponseEntity<java.util.Map<java.lang.String, java.lang.Object>> org.springframework.boot.autoconfigure.web.BasicErrorController.error(javax.servlet.http.HttpServletRequest)
2019-04-21 23:29:01,097 Mapped "{[/error],produces=[text/html]}" onto public org.springframework.web.servlet.ModelAndView org.springframework.boot.autoconfigure.web.BasicErrorController.errorHtml(javax.servlet.http.HttpServletRequest,javax.servlet.http.HttpServletResponse)
2019-04-21 23:29:01,141 Mapped URL path [/webjars/**] onto handler of type [class org.springframework.web.servlet.resource.ResourceHttpRequestHandler]
2019-04-21 23:29:01,141 Mapped URL path [/**] onto handler of type [class org.springframework.web.servlet.resource.ResourceHttpRequestHandler]
2019-04-21 23:29:01,209 Mapped URL path [/**/favicon.ico] onto handler of type [class org.springframework.web.servlet.resource.ResourceHttpRequestHandler]
2019-04-21 23:29:01,595 Started ProductServiceImplTest in 9.444 seconds (JVM running for 11.02)
2019-04-21 23:29:01,849 Closing org.springframework.web.context.support.GenericWebApplicationContext@609e8838: startup date [Sun Apr 21 23:28:53 CST 2019]; root of context hierarchy
2019-04-21 23:29:01,856 Closing JPA EntityManagerFactory for persistence unit 'default'
2019-04-21 23:29:16,233 Starting DemoApplication on MacBook-Air-2.local with PID 79050 (/Users/snake/git/demo/target/classes started by snake in /Users/snake/git/demo)
2019-04-21 23:29:16,237 No active profile set, falling back to default profiles: default
2019-04-21 23:29:16,373 Refreshing org.springframework.boot.context.embedded.AnnotationConfigEmbeddedWebApplicationContext@5e0826e7: startup date [Sun Apr 21 23:29:16 CST 2019]; root of context hierarchy
2019-04-21 23:29:16,609 HV000001: Hibernate Validator 5.3.6.Final
2019-04-21 23:29:18,864 Bean 'org.springframework.transaction.annotation.ProxyTransactionManagementConfiguration' of type [org.springframework.transaction.annotation.ProxyTransactionManagementConfiguration$$EnhancerBySpringCGLIB$$ab54719b] is not eligible for getting processed by all BeanPostProcessors (for example: not eligible for auto-proxying)
2019-04-21 23:29:19,500 Tomcat initialized with port(s): 8080 (http)
2019-04-21 23:29:19,523 Initializing ProtocolHandler ["http-nio-8080"]
2019-04-21 23:29:19,536 Starting service [Tomcat]
2019-04-21 23:29:19,537 Starting Servlet Engine: Apache Tomcat/8.5.31
2019-04-21 23:29:19,667 Initializing Spring embedded WebApplicationContext
2019-04-21 23:29:19,668 Root WebApplicationContext: initialization completed in 3295 ms
2019-04-21 23:29:19,885 Mapping servlet: 'dispatcherServlet' to [/]
2019-04-21 23:29:19,892 Mapping filter: 'characterEncodingFilter' to: [/*]
2019-04-21 23:29:19,892 Mapping filter: 'hiddenHttpMethodFilter' to: [/*]
2019-04-21 23:29:19,892 Mapping filter: 'httpPutFormContentFilter' to: [/*]
2019-04-21 23:29:19,892 Mapping filter: 'requestContextFilter' to: [/*]
2019-04-21 23:29:21,032 Building JPA container EntityManagerFactory for persistence unit 'default'
2019-04-21 23:29:21,052 HHH000204: Processing PersistenceUnitInfo [
	name: default
	...]
2019-04-21 23:29:21,214 HHH000412: Hibernate Core {5.0.12.Final}
2019-04-21 23:29:21,216 HHH000206: hibernate.properties not found
2019-04-21 23:29:21,217 HHH000021: Bytecode provider name : javassist
2019-04-21 23:29:21,267 HCANN000001: Hibernate Commons Annotations {5.0.1.Final}
2019-04-21 23:29:21,427 HHH000400: Using dialect: org.hibernate.dialect.MySQL5Dialect
2019-04-21 23:29:22,041 Initialized JPA EntityManagerFactory for persistence unit 'default'
2019-04-21 23:29:22,782 Looking for @ControllerAdvice: org.springframework.boot.context.embedded.AnnotationConfigEmbeddedWebApplicationContext@5e0826e7: startup date [Sun Apr 21 23:29:16 CST 2019]; root of context hierarchy
2019-04-21 23:29:22,881 Mapped "{[/buyer/product/list],methods=[GET]}" onto public com.mgs.snake.VO.ResultVO com.mgs.snake.controller.BuyerProductController.list()
2019-04-21 23:29:22,887 Mapped "{[/error]}" onto public org.springframework.http.ResponseEntity<java.util.Map<java.lang.String, java.lang.Object>> org.springframework.boot.autoconfigure.web.BasicErrorController.error(javax.servlet.http.HttpServletRequest)
2019-04-21 23:29:22,888 Mapped "{[/error],produces=[text/html]}" onto public org.springframework.web.servlet.ModelAndView org.springframework.boot.autoconfigure.web.BasicErrorController.errorHtml(javax.servlet.http.HttpServletRequest,javax.servlet.http.HttpServletResponse)
2019-04-21 23:29:22,931 Mapped URL path [/webjars/**] onto handler of type [class org.springframework.web.servlet.resource.ResourceHttpRequestHandler]
2019-04-21 23:29:22,932 Mapped URL path [/**] onto handler of type [class org.springframework.web.servlet.resource.ResourceHttpRequestHandler]
2019-04-21 23:29:22,991 Mapped URL path [/**/favicon.ico] onto handler of type [class org.springframework.web.servlet.resource.ResourceHttpRequestHandler]
2019-04-21 23:29:23,331 Registering beans for JMX exposure on startup
2019-04-21 23:29:23,357 Starting ProtocolHandler ["http-nio-8080"]
2019-04-21 23:29:23,399 Using a shared selector for servlet write/read
2019-04-21 23:29:23,427 Tomcat started on port(s): 8080 (http)
2019-04-21 23:29:23,440 Started DemoApplication in 7.846 seconds (JVM running for 9.181)
2019-04-21 23:29:26,058 Initializing Spring FrameworkServlet 'dispatcherServlet'
2019-04-21 23:29:26,060 FrameworkServlet 'dispatcherServlet': initialization started
2019-04-21 23:29:26,090 FrameworkServlet 'dispatcherServlet': initialization completed in 30 ms
2019-04-21 23:29:26,176 HHH000397: Using ASTQueryTranslatorFactory
2019-04-21 23:33:16,861 Starting ProductServiceImplTest on MacBook-Air-2.local with PID 79208 (started by snake in /Users/snake/git/demo)
2019-04-21 23:33:16,862 No active profile set, falling back to default profiles: default
2019-04-21 23:33:16,948 Refreshing org.springframework.web.context.support.GenericWebApplicationContext@609e8838: startup date [Sun Apr 21 23:33:16 CST 2019]; root of context hierarchy
2019-04-21 23:33:18,289 HV000001: Hibernate Validator 5.3.6.Final
2019-04-21 23:33:21,945 Bean 'org.springframework.transaction.annotation.ProxyTransactionManagementConfiguration' of type [org.springframework.transaction.annotation.ProxyTransactionManagementConfiguration$$EnhancerBySpringCGLIB$$2c6f84c8] is not eligible for getting processed by all BeanPostProcessors (for example: not eligible for auto-proxying)
2019-04-21 23:33:24,396 Building JPA container EntityManagerFactory for persistence unit 'default'
2019-04-21 23:33:24,430 HHH000204: Processing PersistenceUnitInfo [
	name: default
	...]
2019-04-21 23:33:24,571 HHH000412: Hibernate Core {5.0.12.Final}
2019-04-21 23:33:24,573 HHH000206: hibernate.properties not found
2019-04-21 23:33:24,575 HHH000021: Bytecode provider name : javassist
2019-04-21 23:33:24,640 HCANN000001: Hibernate Commons Annotations {5.0.1.Final}
2019-04-21 23:33:24,948 HHH000400: Using dialect: org.hibernate.dialect.MySQL5Dialect
2019-04-21 23:33:25,646 Initialized JPA EntityManagerFactory for persistence unit 'default'
2019-04-21 23:33:27,161 Looking for @ControllerAdvice: org.springframework.web.context.support.GenericWebApplicationContext@609e8838: startup date [Sun Apr 21 23:33:16 CST 2019]; root of context hierarchy
2019-04-21 23:33:27,320 Mapped "{[/buyer/product/list],methods=[GET]}" onto public com.mgs.snake.VO.ResultVO com.mgs.snake.controller.BuyerProductController.list()
2019-04-21 23:33:27,324 Mapped "{[/error]}" onto public org.springframework.http.ResponseEntity<java.util.Map<java.lang.String, java.lang.Object>> org.springframework.boot.autoconfigure.web.BasicErrorController.error(javax.servlet.http.HttpServletRequest)
2019-04-21 23:33:27,325 Mapped "{[/error],produces=[text/html]}" onto public org.springframework.web.servlet.ModelAndView org.springframework.boot.autoconfigure.web.BasicErrorController.errorHtml(javax.servlet.http.HttpServletRequest,javax.servlet.http.HttpServletResponse)
2019-04-21 23:33:27,376 Mapped URL path [/webjars/**] onto handler of type [class org.springframework.web.servlet.resource.ResourceHttpRequestHandler]
2019-04-21 23:33:27,377 Mapped URL path [/**] onto handler of type [class org.springframework.web.servlet.resource.ResourceHttpRequestHandler]
2019-04-21 23:33:27,450 Mapped URL path [/**/favicon.ico] onto handler of type [class org.springframework.web.servlet.resource.ResourceHttpRequestHandler]
2019-04-21 23:33:27,863 Started ProductServiceImplTest in 13.126 seconds (JVM running for 15.319)
2019-04-21 23:33:28,005 HHH000397: Using ASTQueryTranslatorFactory
2019-04-21 23:33:28,302 Closing org.springframework.web.context.support.GenericWebApplicationContext@609e8838: startup date [Sun Apr 21 23:33:16 CST 2019]; root of context hierarchy
2019-04-21 23:33:28,307 Closing JPA EntityManagerFactory for persistence unit 'default'
2019-04-21 23:34:26,945 Closing org.springframework.boot.context.embedded.AnnotationConfigEmbeddedWebApplicationContext@5e0826e7: startup date [Sun Apr 21 23:29:16 CST 2019]; root of context hierarchy
2019-04-21 23:34:26,964 Unregistering JMX-exposed beans on shutdown
2019-04-21 23:34:26,967 Closing JPA EntityManagerFactory for persistence unit 'default'
2019-04-21 23:41:56,329 Starting ProductServiceImplTest on MacBook-Air-2.local with PID 79596 (started by snake in /Users/snake/git/demo)
2019-04-21 23:41:56,331 No active profile set, falling back to default profiles: default
2019-04-21 23:41:56,473 Refreshing org.springframework.web.context.support.GenericWebApplicationContext@609e8838: startup date [Sun Apr 21 23:41:56 CST 2019]; root of context hierarchy
2019-04-21 23:41:57,463 HV000001: Hibernate Validator 5.3.6.Final
2019-04-21 23:41:59,309 Bean 'org.springframework.transaction.annotation.ProxyTransactionManagementConfiguration' of type [org.springframework.transaction.annotation.ProxyTransactionManagementConfiguration$$EnhancerBySpringCGLIB$$70fa32fa] is not eligible for getting processed by all BeanPostProcessors (for example: not eligible for auto-proxying)
2019-04-21 23:42:01,685 Building JPA container EntityManagerFactory for persistence unit 'default'
2019-04-21 23:42:01,714 HHH000204: Processing PersistenceUnitInfo [
	name: default
	...]
2019-04-21 23:42:01,824 HHH000412: Hibernate Core {5.0.12.Final}
2019-04-21 23:42:01,826 HHH000206: hibernate.properties not found
2019-04-21 23:42:01,828 HHH000021: Bytecode provider name : javassist
2019-04-21 23:42:01,884 HCANN000001: Hibernate Commons Annotations {5.0.1.Final}
2019-04-21 23:42:02,268 HHH000400: Using dialect: org.hibernate.dialect.MySQL5Dialect
2019-04-21 23:42:03,019 Initialized JPA EntityManagerFactory for persistence unit 'default'
2019-04-21 23:42:04,645 Looking for @ControllerAdvice: org.springframework.web.context.support.GenericWebApplicationContext@609e8838: startup date [Sun Apr 21 23:41:56 CST 2019]; root of context hierarchy
2019-04-21 23:42:04,795 Mapped "{[/buyer/product/list],methods=[GET]}" onto public com.mgs.snake.VO.ResultVO com.mgs.snake.controller.BuyerProductController.list()
2019-04-21 23:42:04,800 Mapped "{[/error]}" onto public org.springframework.http.ResponseEntity<java.util.Map<java.lang.String, java.lang.Object>> org.springframework.boot.autoconfigure.web.BasicErrorController.error(javax.servlet.http.HttpServletRequest)
2019-04-21 23:42:04,800 Mapped "{[/error],produces=[text/html]}" onto public org.springframework.web.servlet.ModelAndView org.springframework.boot.autoconfigure.web.BasicErrorController.errorHtml(javax.servlet.http.HttpServletRequest,javax.servlet.http.HttpServletResponse)
2019-04-21 23:42:04,856 Mapped URL path [/webjars/**] onto handler of type [class org.springframework.web.servlet.resource.ResourceHttpRequestHandler]
2019-04-21 23:42:04,856 Mapped URL path [/**] onto handler of type [class org.springframework.web.servlet.resource.ResourceHttpRequestHandler]
2019-04-21 23:42:04,931 Mapped URL path [/**/favicon.ico] onto handler of type [class org.springframework.web.servlet.resource.ResourceHttpRequestHandler]
2019-04-21 23:42:05,389 Started ProductServiceImplTest in 10.616 seconds (JVM running for 12.458)
2019-04-21 23:42:05,508 HHH000397: Using ASTQueryTranslatorFactory
2019-04-21 23:42:05,793 Closing org.springframework.web.context.support.GenericWebApplicationContext@609e8838: startup date [Sun Apr 21 23:41:56 CST 2019]; root of context hierarchy
2019-04-21 23:42:05,798 Closing JPA EntityManagerFactory for persistence unit 'default'
2019-04-21 23:42:23,082 Starting DemoApplication on MacBook-Air-2.local with PID 79623 (/Users/snake/git/demo/target/classes started by snake in /Users/snake/git/demo)
2019-04-21 23:42:23,086 No active profile set, falling back to default profiles: default
2019-04-21 23:42:23,208 Refreshing org.springframework.boot.context.embedded.AnnotationConfigEmbeddedWebApplicationContext@6dc17b83: startup date [Sun Apr 21 23:42:23 CST 2019]; root of context hierarchy
2019-04-21 23:42:23,402 HV000001: Hibernate Validator 5.3.6.Final
2019-04-21 23:42:25,381 Bean 'org.springframework.transaction.annotation.ProxyTransactionManagementConfiguration' of type [org.springframework.transaction.annotation.ProxyTransactionManagementConfiguration$$EnhancerBySpringCGLIB$$8e71d7b8] is not eligible for getting processed by all BeanPostProcessors (for example: not eligible for auto-proxying)
2019-04-21 23:42:26,106 Tomcat initialized with port(s): 8080 (http)
2019-04-21 23:42:26,143 Initializing ProtocolHandler ["http-nio-8080"]
2019-04-21 23:42:26,163 Starting service [Tomcat]
2019-04-21 23:42:26,164 Starting Servlet Engine: Apache Tomcat/8.5.31
2019-04-21 23:42:26,361 Initializing Spring embedded WebApplicationContext
2019-04-21 23:42:26,361 Root WebApplicationContext: initialization completed in 3154 ms
2019-04-21 23:42:26,586 Mapping servlet: 'dispatcherServlet' to [/]
2019-04-21 23:42:26,592 Mapping filter: 'characterEncodingFilter' to: [/*]
2019-04-21 23:42:26,593 Mapping filter: 'hiddenHttpMethodFilter' to: [/*]
2019-04-21 23:42:26,594 Mapping filter: 'httpPutFormContentFilter' to: [/*]
2019-04-21 23:42:26,594 Mapping filter: 'requestContextFilter' to: [/*]
2019-04-21 23:42:27,534 Building JPA container EntityManagerFactory for persistence unit 'default'
2019-04-21 23:42:27,547 HHH000204: Processing PersistenceUnitInfo [
	name: default
	...]
2019-04-21 23:42:27,620 HHH000412: Hibernate Core {5.0.12.Final}
2019-04-21 23:42:27,622 HHH000206: hibernate.properties not found
2019-04-21 23:42:27,624 HHH000021: Bytecode provider name : javassist
2019-04-21 23:42:27,669 HCANN000001: Hibernate Commons Annotations {5.0.1.Final}
2019-04-21 23:42:27,787 HHH000400: Using dialect: org.hibernate.dialect.MySQL5Dialect
2019-04-21 23:42:28,351 Initialized JPA EntityManagerFactory for persistence unit 'default'
2019-04-21 23:42:28,924 Looking for @ControllerAdvice: org.springframework.boot.context.embedded.AnnotationConfigEmbeddedWebApplicationContext@6dc17b83: startup date [Sun Apr 21 23:42:23 CST 2019]; root of context hierarchy
2019-04-21 23:42:28,997 Mapped "{[/buyer/product/list],methods=[GET]}" onto public com.mgs.snake.VO.ResultVO com.mgs.snake.controller.BuyerProductController.list()
2019-04-21 23:42:29,001 Mapped "{[/error]}" onto public org.springframework.http.ResponseEntity<java.util.Map<java.lang.String, java.lang.Object>> org.springframework.boot.autoconfigure.web.BasicErrorController.error(javax.servlet.http.HttpServletRequest)
2019-04-21 23:42:29,002 Mapped "{[/error],produces=[text/html]}" onto public org.springframework.web.servlet.ModelAndView org.springframework.boot.autoconfigure.web.BasicErrorController.errorHtml(javax.servlet.http.HttpServletRequest,javax.servlet.http.HttpServletResponse)
2019-04-21 23:42:29,047 Mapped URL path [/webjars/**] onto handler of type [class org.springframework.web.servlet.resource.ResourceHttpRequestHandler]
2019-04-21 23:42:29,047 Mapped URL path [/**] onto handler of type [class org.springframework.web.servlet.resource.ResourceHttpRequestHandler]
2019-04-21 23:42:29,091 Mapped URL path [/**/favicon.ico] onto handler of type [class org.springframework.web.servlet.resource.ResourceHttpRequestHandler]
2019-04-21 23:42:29,447 Registering beans for JMX exposure on startup
2019-04-21 23:42:29,475 Starting ProtocolHandler ["http-nio-8080"]
2019-04-21 23:42:29,503 Using a shared selector for servlet write/read
2019-04-21 23:42:29,523 Tomcat started on port(s): 8080 (http)
2019-04-21 23:42:29,531 Started DemoApplication in 7.049 seconds (JVM running for 7.928)
2019-04-21 23:42:33,140 Initializing Spring FrameworkServlet 'dispatcherServlet'
2019-04-21 23:42:33,141 FrameworkServlet 'dispatcherServlet': initialization started
2019-04-21 23:42:33,168 FrameworkServlet 'dispatcherServlet': initialization completed in 27 ms
2019-04-21 23:42:33,235 HHH000397: Using ASTQueryTranslatorFactory
2019-04-21 23:52:40,852 Closing org.springframework.boot.context.embedded.AnnotationConfigEmbeddedWebApplicationContext@6dc17b83: startup date [Sun Apr 21 23:42:23 CST 2019]; root of context hierarchy
2019-04-21 23:52:41,223 Unregistering JMX-exposed beans on shutdown
2019-04-21 23:52:41,239 Closing JPA EntityManagerFactory for persistence unit 'default'
2019-04-21 23:52:49,929 Starting DemoApplication on MacBook-Air-2.local with PID 80057 (/Users/snake/git/demo/target/classes started by snake in /Users/snake/git/demo)
2019-04-21 23:52:49,937 No active profile set, falling back to default profiles: default
2019-04-21 23:52:50,113 Refreshing org.springframework.boot.context.embedded.AnnotationConfigEmbeddedWebApplicationContext@6dc17b83: startup date [Sun Apr 21 23:52:50 CST 2019]; root of context hierarchy
2019-04-21 23:52:50,250 HV000001: Hibernate Validator 5.3.6.Final
2019-04-21 23:52:52,417 Bean 'org.springframework.transaction.annotation.ProxyTransactionManagementConfiguration' of type [org.springframework.transaction.annotation.ProxyTransactionManagementConfiguration$$EnhancerBySpringCGLIB$$f826506a] is not eligible for getting processed by all BeanPostProcessors (for example: not eligible for auto-proxying)
2019-04-21 23:52:52,973 Tomcat initialized with port(s): 8080 (http)
2019-04-21 23:52:52,996 Initializing ProtocolHandler ["http-nio-8080"]
2019-04-21 23:52:53,015 Starting service [Tomcat]
2019-04-21 23:52:53,015 Starting Servlet Engine: Apache Tomcat/8.5.31
2019-04-21 23:52:53,115 Initializing Spring embedded WebApplicationContext
2019-04-21 23:52:53,115 Root WebApplicationContext: initialization completed in 3003 ms
2019-04-21 23:52:53,295 Mapping servlet: 'dispatcherServlet' to [/]
2019-04-21 23:52:53,300 Mapping filter: 'characterEncodingFilter' to: [/*]
2019-04-21 23:52:53,301 Mapping filter: 'hiddenHttpMethodFilter' to: [/*]
2019-04-21 23:52:53,301 Mapping filter: 'httpPutFormContentFilter' to: [/*]
2019-04-21 23:52:53,301 Mapping filter: 'requestContextFilter' to: [/*]
2019-04-21 23:52:54,391 Building JPA container EntityManagerFactory for persistence unit 'default'
2019-04-21 23:52:54,412 HHH000204: Processing PersistenceUnitInfo [
	name: default
	...]
2019-04-21 23:52:54,498 HHH000412: Hibernate Core {5.0.12.Final}
2019-04-21 23:52:54,499 HHH000206: hibernate.properties not found
2019-04-21 23:52:54,501 HHH000021: Bytecode provider name : javassist
2019-04-21 23:52:54,559 HCANN000001: Hibernate Commons Annotations {5.0.1.Final}
2019-04-21 23:52:54,707 HHH000400: Using dialect: org.hibernate.dialect.MySQL5Dialect
2019-04-21 23:52:55,341 Initialized JPA EntityManagerFactory for persistence unit 'default'
2019-04-21 23:52:56,138 Looking for @ControllerAdvice: org.springframework.boot.context.embedded.AnnotationConfigEmbeddedWebApplicationContext@6dc17b83: startup date [Sun Apr 21 23:52:50 CST 2019]; root of context hierarchy
2019-04-21 23:52:56,217 Mapped "{[/buyer/product/list],methods=[GET]}" onto public com.mgs.snake.VO.ResultVO com.mgs.snake.controller.BuyerProductController.list()
2019-04-21 23:52:56,223 Mapped "{[/error]}" onto public org.springframework.http.ResponseEntity<java.util.Map<java.lang.String, java.lang.Object>> org.springframework.boot.autoconfigure.web.BasicErrorController.error(javax.servlet.http.HttpServletRequest)
2019-04-21 23:52:56,226 Mapped "{[/error],produces=[text/html]}" onto public org.springframework.web.servlet.ModelAndView org.springframework.boot.autoconfigure.web.BasicErrorController.errorHtml(javax.servlet.http.HttpServletRequest,javax.servlet.http.HttpServletResponse)
2019-04-21 23:52:56,266 Mapped URL path [/webjars/**] onto handler of type [class org.springframework.web.servlet.resource.ResourceHttpRequestHandler]
2019-04-21 23:52:56,266 Mapped URL path [/**] onto handler of type [class org.springframework.web.servlet.resource.ResourceHttpRequestHandler]
2019-04-21 23:52:56,318 Mapped URL path [/**/favicon.ico] onto handler of type [class org.springframework.web.servlet.resource.ResourceHttpRequestHandler]
2019-04-21 23:52:56,615 Registering beans for JMX exposure on startup
2019-04-21 23:52:56,633 Starting ProtocolHandler ["http-nio-8080"]
2019-04-21 23:52:56,668 Using a shared selector for servlet write/read
2019-04-21 23:52:56,694 Tomcat started on port(s): 8080 (http)
2019-04-21 23:52:56,701 Started DemoApplication in 7.632 seconds (JVM running for 8.904)
