2019-05-22 09:20:23,556 Closing org.springframework.boot.context.embedded.AnnotationConfigEmbeddedWebApplicationContext@595b007d: startup date [Tue May 21 23:50:31 CST 2019]; root of context hierarchy
2019-05-22 09:20:23,637 Unregistering JMX-exposed beans on shutdown
2019-05-22 09:20:23,643 Closing JPA EntityManagerFactory for persistence unit 'default'
2019-05-22 09:33:02,204 Starting DemoApplication on zhoulirens-MacBook-Pro.local with PID 40855 (/Users/zhouliren/git/demo/target/classes started by zhouliren in /Users/zhouliren/git/demo)
2019-05-22 09:33:02,206 No active profile set, falling back to default profiles: default
2019-05-22 09:33:02,235 Refreshing org.springframework.boot.context.embedded.AnnotationConfigEmbeddedWebApplicationContext@595b007d: startup date [Wed May 22 09:33:02 CST 2019]; root of context hierarchy
2019-05-22 09:33:02,317 HV000001: Hibernate Validator 5.3.6.Final
2019-05-22 09:33:02,831 Bean 'org.springframework.transaction.annotation.ProxyTransactionManagementConfiguration' of type [org.springframework.transaction.annotation.ProxyTransactionManagementConfiguration$$EnhancerBySpringCGLIB$$a58ddffe] is not eligible for getting processed by all BeanPostProcessors (for example: not eligible for auto-proxying)
2019-05-22 09:33:03,144 Tomcat initialized with port(s): 8080 (http)
2019-05-22 09:33:03,155 Initializing ProtocolHandler ["http-nio-8080"]
2019-05-22 09:33:03,161 Starting service [Tomcat]
2019-05-22 09:33:03,161 Starting Servlet Engine: Apache Tomcat/8.5.31
2019-05-22 09:33:03,226 Initializing Spring embedded WebApplicationContext
2019-05-22 09:33:03,226 Root WebApplicationContext: initialization completed in 991 ms
2019-05-22 09:33:03,308 Mapping servlet: 'dispatcherServlet' to [/]
2019-05-22 09:33:03,310 Mapping filter: 'characterEncodingFilter' to: [/*]
2019-05-22 09:33:03,311 Mapping filter: 'hiddenHttpMethodFilter' to: [/*]
2019-05-22 09:33:03,311 Mapping filter: 'httpPutFormContentFilter' to: [/*]
2019-05-22 09:33:03,311 Mapping filter: 'requestContextFilter' to: [/*]
2019-05-22 09:33:03,597 Unable to determine jdbc url from datasource
org.springframework.jdbc.support.MetaDataAccessException: Could not get Connection for extracting meta-data; nested exception is org.springframework.jdbc.CannotGetJdbcConnectionException: Could not get JDBC Connection; nested exception is com.mysql.jdbc.exceptions.jdbc4.CommunicationsException: Communications link failure

The last packet sent successfully to the server was 0 milliseconds ago. The driver has not received any packets from the server.
	at org.springframework.jdbc.support.JdbcUtils.extractDatabaseMetaData(JdbcUtils.java:339)
	at org.springframework.jdbc.support.JdbcUtils.extractDatabaseMetaData(JdbcUtils.java:366)
	at org.springframework.boot.autoconfigure.orm.jpa.DatabaseLookup.getDatabase(DatabaseLookup.java:72)
	at org.springframework.boot.autoconfigure.orm.jpa.JpaProperties.determineDatabase(JpaProperties.java:139)
	at org.springframework.boot.autoconfigure.orm.jpa.JpaBaseConfiguration.jpaVendorAdapter(JpaBaseConfiguration.java:105)
	at org.springframework.boot.autoconfigure.orm.jpa.HibernateJpaAutoConfiguration$$EnhancerBySpringCGLIB$$f14441e.CGLIB$jpaVendorAdapter$3(<generated>)
	at org.springframework.boot.autoconfigure.orm.jpa.HibernateJpaAutoConfiguration$$EnhancerBySpringCGLIB$$f14441e$$FastClassBySpringCGLIB$$3095765f.invoke(<generated>)
	at org.springframework.cglib.proxy.MethodProxy.invokeSuper(MethodProxy.java:228)
	at org.springframework.context.annotation.ConfigurationClassEnhancer$BeanMethodInterceptor.intercept(ConfigurationClassEnhancer.java:358)
	at org.springframework.boot.autoconfigure.orm.jpa.HibernateJpaAutoConfiguration$$EnhancerBySpringCGLIB$$f14441e.jpaVendorAdapter(<generated>)
	at sun.reflect.NativeMethodAccessorImpl.invoke0(Native Method)
	at sun.reflect.NativeMethodAccessorImpl.invoke(NativeMethodAccessorImpl.java:62)
	at sun.reflect.DelegatingMethodAccessorImpl.invoke(DelegatingMethodAccessorImpl.java:43)
	at java.lang.reflect.Method.invoke(Method.java:498)
	at org.springframework.beans.factory.support.SimpleInstantiationStrategy.instantiate(SimpleInstantiationStrategy.java:162)
	at org.springframework.beans.factory.support.ConstructorResolver.instantiateUsingFactoryMethod(ConstructorResolver.java:588)
	at org.springframework.beans.factory.support.AbstractAutowireCapableBeanFactory.instantiateUsingFactoryMethod(AbstractAutowireCapableBeanFactory.java:1181)
	at org.springframework.beans.factory.support.AbstractAutowireCapableBeanFactory.createBeanInstance(AbstractAutowireCapableBeanFactory.java:1075)
	at org.springframework.beans.factory.support.AbstractAutowireCapableBeanFactory.doCreateBean(AbstractAutowireCapableBeanFactory.java:513)
	at org.springframework.beans.factory.support.AbstractAutowireCapableBeanFactory.createBean(AbstractAutowireCapableBeanFactory.java:483)
	at org.springframework.beans.factory.support.AbstractBeanFactory$1.getObject(AbstractBeanFactory.java:312)
	at org.springframework.beans.factory.support.DefaultSingletonBeanRegistry.getSingleton(DefaultSingletonBeanRegistry.java:230)
	at org.springframework.beans.factory.support.AbstractBeanFactory.doGetBean(AbstractBeanFactory.java:308)
	at org.springframework.beans.factory.support.AbstractBeanFactory.getBean(AbstractBeanFactory.java:202)
	at org.springframework.beans.factory.config.DependencyDescriptor.resolveCandidate(DependencyDescriptor.java:208)
	at org.springframework.beans.factory.support.DefaultListableBeanFactory.doResolveDependency(DefaultListableBeanFactory.java:1138)
	at org.springframework.beans.factory.support.DefaultListableBeanFactory.resolveDependency(DefaultListableBeanFactory.java:1066)
	at org.springframework.beans.factory.support.ConstructorResolver.resolveAutowiredArgument(ConstructorResolver.java:835)
	at org.springframework.beans.factory.support.ConstructorResolver.createArgumentArray(ConstructorResolver.java:741)
	at org.springframework.beans.factory.support.ConstructorResolver.instantiateUsingFactoryMethod(ConstructorResolver.java:467)
	at org.springframework.beans.factory.support.AbstractAutowireCapableBeanFactory.instantiateUsingFactoryMethod(AbstractAutowireCapableBeanFactory.java:1181)
	at org.springframework.beans.factory.support.AbstractAutowireCapableBeanFactory.createBeanInstance(AbstractAutowireCapableBeanFactory.java:1075)
	at org.springframework.beans.factory.support.AbstractAutowireCapableBeanFactory.doCreateBean(AbstractAutowireCapableBeanFactory.java:513)
	at org.springframework.beans.factory.support.AbstractAutowireCapableBeanFactory.createBean(AbstractAutowireCapableBeanFactory.java:483)
	at org.springframework.beans.factory.support.AbstractBeanFactory$1.getObject(AbstractBeanFactory.java:312)
	at org.springframework.beans.factory.support.DefaultSingletonBeanRegistry.getSingleton(DefaultSingletonBeanRegistry.java:230)
	at org.springframework.beans.factory.support.AbstractBeanFactory.doGetBean(AbstractBeanFactory.java:308)
	at org.springframework.beans.factory.support.AbstractBeanFactory.getBean(AbstractBeanFactory.java:202)
	at org.springframework.beans.factory.config.DependencyDescriptor.resolveCandidate(DependencyDescriptor.java:208)
	at org.springframework.beans.factory.support.DefaultListableBeanFactory.doResolveDependency(DefaultListableBeanFactory.java:1138)
	at org.springframework.beans.factory.support.DefaultListableBeanFactory.resolveDependency(DefaultListableBeanFactory.java:1066)
	at org.springframework.beans.factory.support.ConstructorResolver.resolveAutowiredArgument(ConstructorResolver.java:835)
	at org.springframework.beans.factory.support.ConstructorResolver.createArgumentArray(ConstructorResolver.java:741)
	at org.springframework.beans.factory.support.ConstructorResolver.instantiateUsingFactoryMethod(ConstructorResolver.java:467)
	at org.springframework.beans.factory.support.AbstractAutowireCapableBeanFactory.instantiateUsingFactoryMethod(AbstractAutowireCapableBeanFactory.java:1181)
	at org.springframework.beans.factory.support.AbstractAutowireCapableBeanFactory.createBeanInstance(AbstractAutowireCapableBeanFactory.java:1075)
	at org.springframework.beans.factory.support.AbstractAutowireCapableBeanFactory.doCreateBean(AbstractAutowireCapableBeanFactory.java:513)
	at org.springframework.beans.factory.support.AbstractAutowireCapableBeanFactory.createBean(AbstractAutowireCapableBeanFactory.java:483)
	at org.springframework.beans.factory.support.AbstractBeanFactory$1.getObject(AbstractBeanFactory.java:312)
	at org.springframework.beans.factory.support.DefaultSingletonBeanRegistry.getSingleton(DefaultSingletonBeanRegistry.java:230)
	at org.springframework.beans.factory.support.AbstractBeanFactory.doGetBean(AbstractBeanFactory.java:308)
	at org.springframework.beans.factory.support.AbstractBeanFactory.getBean(AbstractBeanFactory.java:197)
	at org.springframework.context.support.AbstractApplicationContext.getBean(AbstractApplicationContext.java:1080)
	at org.springframework.context.support.AbstractApplicationContext.finishBeanFactoryInitialization(AbstractApplicationContext.java:857)
	at org.springframework.context.support.AbstractApplicationContext.refresh(AbstractApplicationContext.java:543)
	at org.springframework.boot.context.embedded.EmbeddedWebApplicationContext.refresh(EmbeddedWebApplicationContext.java:122)
	at org.springframework.boot.SpringApplication.refresh(SpringApplication.java:693)
	at org.springframework.boot.SpringApplication.refreshContext(SpringApplication.java:360)
	at org.springframework.boot.SpringApplication.run(SpringApplication.java:303)
	at org.springframework.boot.SpringApplication.run(SpringApplication.java:1118)
	at org.springframework.boot.SpringApplication.run(SpringApplication.java:1107)
	at com.mgs.snake.DemoApplication.main(DemoApplication.java:10)
Caused by: org.springframework.jdbc.CannotGetJdbcConnectionException: Could not get JDBC Connection; nested exception is com.mysql.jdbc.exceptions.jdbc4.CommunicationsException: Communications link failure

The last packet sent successfully to the server was 0 milliseconds ago. The driver has not received any packets from the server.
	at org.springframework.jdbc.datasource.DataSourceUtils.getConnection(DataSourceUtils.java:80)
	at org.springframework.jdbc.support.JdbcUtils.extractDatabaseMetaData(JdbcUtils.java:326)
	... 61 common frames omitted
Caused by: com.mysql.jdbc.exceptions.jdbc4.CommunicationsException: Communications link failure

The last packet sent successfully to the server was 0 milliseconds ago. The driver has not received any packets from the server.
	at sun.reflect.NativeConstructorAccessorImpl.newInstance0(Native Method)
	at sun.reflect.NativeConstructorAccessorImpl.newInstance(NativeConstructorAccessorImpl.java:62)
	at sun.reflect.DelegatingConstructorAccessorImpl.newInstance(DelegatingConstructorAccessorImpl.java:45)
	at java.lang.reflect.Constructor.newInstance(Constructor.java:423)
	at com.mysql.jdbc.Util.handleNewInstance(Util.java:425)
	at com.mysql.jdbc.SQLError.createCommunicationsException(SQLError.java:990)
	at com.mysql.jdbc.MysqlIO.<init>(MysqlIO.java:342)
	at com.mysql.jdbc.ConnectionImpl.coreConnect(ConnectionImpl.java:2188)
	at com.mysql.jdbc.ConnectionImpl.connectOneTryOnly(ConnectionImpl.java:2221)
	at com.mysql.jdbc.ConnectionImpl.createNewIO(ConnectionImpl.java:2016)
	at com.mysql.jdbc.ConnectionImpl.<init>(ConnectionImpl.java:776)
	at com.mysql.jdbc.JDBC4Connection.<init>(JDBC4Connection.java:47)
	at sun.reflect.NativeConstructorAccessorImpl.newInstance0(Native Method)
	at sun.reflect.NativeConstructorAccessorImpl.newInstance(NativeConstructorAccessorImpl.java:62)
	at sun.reflect.DelegatingConstructorAccessorImpl.newInstance(DelegatingConstructorAccessorImpl.java:45)
	at java.lang.reflect.Constructor.newInstance(Constructor.java:423)
	at com.mysql.jdbc.Util.handleNewInstance(Util.java:425)
	at com.mysql.jdbc.ConnectionImpl.getInstance(ConnectionImpl.java:386)
	at com.mysql.jdbc.NonRegisteringDriver.connect(NonRegisteringDriver.java:330)
	at org.apache.tomcat.jdbc.pool.PooledConnection.connectUsingDriver(PooledConnection.java:319)
	at org.apache.tomcat.jdbc.pool.PooledConnection.connect(PooledConnection.java:212)
	at org.apache.tomcat.jdbc.pool.ConnectionPool.createConnection(ConnectionPool.java:736)
	at org.apache.tomcat.jdbc.pool.ConnectionPool.borrowConnection(ConnectionPool.java:668)
	at org.apache.tomcat.jdbc.pool.ConnectionPool.init(ConnectionPool.java:483)
	at org.apache.tomcat.jdbc.pool.ConnectionPool.<init>(ConnectionPool.java:154)
	at org.apache.tomcat.jdbc.pool.DataSourceProxy.pCreatePool(DataSourceProxy.java:118)
	at org.apache.tomcat.jdbc.pool.DataSourceProxy.createPool(DataSourceProxy.java:107)
	at org.apache.tomcat.jdbc.pool.DataSourceProxy.getConnection(DataSourceProxy.java:131)
	at org.springframework.jdbc.datasource.DataSourceUtils.doGetConnection(DataSourceUtils.java:111)
	at org.springframework.jdbc.datasource.DataSourceUtils.getConnection(DataSourceUtils.java:77)
	... 62 common frames omitted
Caused by: java.net.SocketException: Network is unreachable (connect failed)
	at java.net.PlainSocketImpl.socketConnect(Native Method)
	at java.net.AbstractPlainSocketImpl.doConnect(AbstractPlainSocketImpl.java:350)
	at java.net.AbstractPlainSocketImpl.connectToAddress(AbstractPlainSocketImpl.java:206)
	at java.net.AbstractPlainSocketImpl.connect(AbstractPlainSocketImpl.java:188)
	at java.net.SocksSocketImpl.connect(SocksSocketImpl.java:392)
	at java.net.Socket.connect(Socket.java:589)
	at com.mysql.jdbc.StandardSocketFactory.connect(StandardSocketFactory.java:211)
	at com.mysql.jdbc.MysqlIO.<init>(MysqlIO.java:301)
	... 85 common frames omitted
2019-05-22 09:33:03,628 Building JPA container EntityManagerFactory for persistence unit 'default'
2019-05-22 09:33:03,641 HHH000204: Processing PersistenceUnitInfo [
	name: default
	...]
2019-05-22 09:33:03,720 HHH000412: Hibernate Core {5.0.12.Final}
2019-05-22 09:33:03,721 HHH000206: hibernate.properties not found
2019-05-22 09:33:03,722 HHH000021: Bytecode provider name : javassist
2019-05-22 09:33:03,751 HCANN000001: Hibernate Commons Annotations {5.0.1.Final}
2019-05-22 09:33:03,827 HHH000342: Could not obtain connection to query metadata : Communications link failure

The last packet sent successfully to the server was 0 milliseconds ago. The driver has not received any packets from the server.
2019-05-22 09:33:03,828 Exception encountered during context initialization - cancelling refresh attempt: org.springframework.beans.factory.BeanCreationException: Error creating bean with name 'entityManagerFactory' defined in class path resource [org/springframework/boot/autoconfigure/orm/jpa/HibernateJpaAutoConfiguration.class]: Invocation of init method failed; nested exception is org.hibernate.service.spi.ServiceException: Unable to create requested service [org.hibernate.engine.jdbc.env.spi.JdbcEnvironment]
2019-05-22 09:33:03,829 Stopping service [Tomcat]
2019-05-22 09:33:03,836 

Error starting ApplicationContext. To display the auto-configuration report re-run your application with 'debug' enabled.
2019-05-22 15:41:24,664 Starting DemoApplication on zhoulirens-MacBook-Pro.local with PID 42443 (/Users/zhouliren/git/demo/target/classes started by zhouliren in /Users/zhouliren/git/demo)
2019-05-22 15:41:24,666 No active profile set, falling back to default profiles: default
2019-05-22 15:41:24,691 Refreshing org.springframework.boot.context.embedded.AnnotationConfigEmbeddedWebApplicationContext@595b007d: startup date [Wed May 22 15:41:24 CST 2019]; root of context hierarchy
2019-05-22 15:41:24,763 HV000001: Hibernate Validator 5.3.6.Final
2019-05-22 15:41:25,308 Bean 'org.springframework.transaction.annotation.ProxyTransactionManagementConfiguration' of type [org.springframework.transaction.annotation.ProxyTransactionManagementConfiguration$$EnhancerBySpringCGLIB$$364046e9] is not eligible for getting processed by all BeanPostProcessors (for example: not eligible for auto-proxying)
2019-05-22 15:41:25,565 Tomcat initialized with port(s): 8080 (http)
2019-05-22 15:41:25,574 Initializing ProtocolHandler ["http-nio-8080"]
2019-05-22 15:41:25,581 Starting service [Tomcat]
2019-05-22 15:41:25,581 Starting Servlet Engine: Apache Tomcat/8.5.31
2019-05-22 15:41:25,637 Initializing Spring embedded WebApplicationContext
2019-05-22 15:41:25,637 Root WebApplicationContext: initialization completed in 946 ms
2019-05-22 15:41:25,710 Mapping servlet: 'dispatcherServlet' to [/]
2019-05-22 15:41:25,712 Mapping filter: 'characterEncodingFilter' to: [/*]
2019-05-22 15:41:25,712 Mapping filter: 'hiddenHttpMethodFilter' to: [/*]
2019-05-22 15:41:25,712 Mapping filter: 'httpPutFormContentFilter' to: [/*]
2019-05-22 15:41:25,712 Mapping filter: 'requestContextFilter' to: [/*]
2019-05-22 15:42:41,250 Unable to determine jdbc url from datasource
org.springframework.jdbc.support.MetaDataAccessException: Could not get Connection for extracting meta-data; nested exception is org.springframework.jdbc.CannotGetJdbcConnectionException: Could not get JDBC Connection; nested exception is com.mysql.jdbc.exceptions.jdbc4.CommunicationsException: Communications link failure

The last packet sent successfully to the server was 0 milliseconds ago. The driver has not received any packets from the server.
	at org.springframework.jdbc.support.JdbcUtils.extractDatabaseMetaData(JdbcUtils.java:339)
	at org.springframework.jdbc.support.JdbcUtils.extractDatabaseMetaData(JdbcUtils.java:366)
	at org.springframework.boot.autoconfigure.orm.jpa.DatabaseLookup.getDatabase(DatabaseLookup.java:72)
	at org.springframework.boot.autoconfigure.orm.jpa.JpaProperties.determineDatabase(JpaProperties.java:139)
	at org.springframework.boot.autoconfigure.orm.jpa.JpaBaseConfiguration.jpaVendorAdapter(JpaBaseConfiguration.java:105)
	at org.springframework.boot.autoconfigure.orm.jpa.HibernateJpaAutoConfiguration$$EnhancerBySpringCGLIB$$9fc6ab09.CGLIB$jpaVendorAdapter$5(<generated>)
	at org.springframework.boot.autoconfigure.orm.jpa.HibernateJpaAutoConfiguration$$EnhancerBySpringCGLIB$$9fc6ab09$$FastClassBySpringCGLIB$$e393d168.invoke(<generated>)
	at org.springframework.cglib.proxy.MethodProxy.invokeSuper(MethodProxy.java:228)
	at org.springframework.context.annotation.ConfigurationClassEnhancer$BeanMethodInterceptor.intercept(ConfigurationClassEnhancer.java:358)
	at org.springframework.boot.autoconfigure.orm.jpa.HibernateJpaAutoConfiguration$$EnhancerBySpringCGLIB$$9fc6ab09.jpaVendorAdapter(<generated>)
	at sun.reflect.NativeMethodAccessorImpl.invoke0(Native Method)
	at sun.reflect.NativeMethodAccessorImpl.invoke(NativeMethodAccessorImpl.java:62)
	at sun.reflect.DelegatingMethodAccessorImpl.invoke(DelegatingMethodAccessorImpl.java:43)
	at java.lang.reflect.Method.invoke(Method.java:498)
	at org.springframework.beans.factory.support.SimpleInstantiationStrategy.instantiate(SimpleInstantiationStrategy.java:162)
	at org.springframework.beans.factory.support.ConstructorResolver.instantiateUsingFactoryMethod(ConstructorResolver.java:588)
	at org.springframework.beans.factory.support.AbstractAutowireCapableBeanFactory.instantiateUsingFactoryMethod(AbstractAutowireCapableBeanFactory.java:1181)
	at org.springframework.beans.factory.support.AbstractAutowireCapableBeanFactory.createBeanInstance(AbstractAutowireCapableBeanFactory.java:1075)
	at org.springframework.beans.factory.support.AbstractAutowireCapableBeanFactory.doCreateBean(AbstractAutowireCapableBeanFactory.java:513)
	at org.springframework.beans.factory.support.AbstractAutowireCapableBeanFactory.createBean(AbstractAutowireCapableBeanFactory.java:483)
	at org.springframework.beans.factory.support.AbstractBeanFactory$1.getObject(AbstractBeanFactory.java:312)
	at org.springframework.beans.factory.support.DefaultSingletonBeanRegistry.getSingleton(DefaultSingletonBeanRegistry.java:230)
	at org.springframework.beans.factory.support.AbstractBeanFactory.doGetBean(AbstractBeanFactory.java:308)
	at org.springframework.beans.factory.support.AbstractBeanFactory.getBean(AbstractBeanFactory.java:202)
	at org.springframework.beans.factory.config.DependencyDescriptor.resolveCandidate(DependencyDescriptor.java:208)
	at org.springframework.beans.factory.support.DefaultListableBeanFactory.doResolveDependency(DefaultListableBeanFactory.java:1138)
	at org.springframework.beans.factory.support.DefaultListableBeanFactory.resolveDependency(DefaultListableBeanFactory.java:1066)
	at org.springframework.beans.factory.support.ConstructorResolver.resolveAutowiredArgument(ConstructorResolver.java:835)
	at org.springframework.beans.factory.support.ConstructorResolver.createArgumentArray(ConstructorResolver.java:741)
	at org.springframework.beans.factory.support.ConstructorResolver.instantiateUsingFactoryMethod(ConstructorResolver.java:467)
	at org.springframework.beans.factory.support.AbstractAutowireCapableBeanFactory.instantiateUsingFactoryMethod(AbstractAutowireCapableBeanFactory.java:1181)
	at org.springframework.beans.factory.support.AbstractAutowireCapableBeanFactory.createBeanInstance(AbstractAutowireCapableBeanFactory.java:1075)
	at org.springframework.beans.factory.support.AbstractAutowireCapableBeanFactory.doCreateBean(AbstractAutowireCapableBeanFactory.java:513)
	at org.springframework.beans.factory.support.AbstractAutowireCapableBeanFactory.createBean(AbstractAutowireCapableBeanFactory.java:483)
	at org.springframework.beans.factory.support.AbstractBeanFactory$1.getObject(AbstractBeanFactory.java:312)
	at org.springframework.beans.factory.support.DefaultSingletonBeanRegistry.getSingleton(DefaultSingletonBeanRegistry.java:230)
	at org.springframework.beans.factory.support.AbstractBeanFactory.doGetBean(AbstractBeanFactory.java:308)
	at org.springframework.beans.factory.support.AbstractBeanFactory.getBean(AbstractBeanFactory.java:202)
	at org.springframework.beans.factory.config.DependencyDescriptor.resolveCandidate(DependencyDescriptor.java:208)
	at org.springframework.beans.factory.support.DefaultListableBeanFactory.doResolveDependency(DefaultListableBeanFactory.java:1138)
	at org.springframework.beans.factory.support.DefaultListableBeanFactory.resolveDependency(DefaultListableBeanFactory.java:1066)
	at org.springframework.beans.factory.support.ConstructorResolver.resolveAutowiredArgument(ConstructorResolver.java:835)
	at org.springframework.beans.factory.support.ConstructorResolver.createArgumentArray(ConstructorResolver.java:741)
	at org.springframework.beans.factory.support.ConstructorResolver.instantiateUsingFactoryMethod(ConstructorResolver.java:467)
	at org.springframework.beans.factory.support.AbstractAutowireCapableBeanFactory.instantiateUsingFactoryMethod(AbstractAutowireCapableBeanFactory.java:1181)
	at org.springframework.beans.factory.support.AbstractAutowireCapableBeanFactory.createBeanInstance(AbstractAutowireCapableBeanFactory.java:1075)
	at org.springframework.beans.factory.support.AbstractAutowireCapableBeanFactory.doCreateBean(AbstractAutowireCapableBeanFactory.java:513)
	at org.springframework.beans.factory.support.AbstractAutowireCapableBeanFactory.createBean(AbstractAutowireCapableBeanFactory.java:483)
	at org.springframework.beans.factory.support.AbstractBeanFactory$1.getObject(AbstractBeanFactory.java:312)
	at org.springframework.beans.factory.support.DefaultSingletonBeanRegistry.getSingleton(DefaultSingletonBeanRegistry.java:230)
	at org.springframework.beans.factory.support.AbstractBeanFactory.doGetBean(AbstractBeanFactory.java:308)
	at org.springframework.beans.factory.support.AbstractBeanFactory.getBean(AbstractBeanFactory.java:197)
	at org.springframework.context.support.AbstractApplicationContext.getBean(AbstractApplicationContext.java:1080)
	at org.springframework.context.support.AbstractApplicationContext.finishBeanFactoryInitialization(AbstractApplicationContext.java:857)
	at org.springframework.context.support.AbstractApplicationContext.refresh(AbstractApplicationContext.java:543)
	at org.springframework.boot.context.embedded.EmbeddedWebApplicationContext.refresh(EmbeddedWebApplicationContext.java:122)
	at org.springframework.boot.SpringApplication.refresh(SpringApplication.java:693)
	at org.springframework.boot.SpringApplication.refreshContext(SpringApplication.java:360)
	at org.springframework.boot.SpringApplication.run(SpringApplication.java:303)
	at org.springframework.boot.SpringApplication.run(SpringApplication.java:1118)
	at org.springframework.boot.SpringApplication.run(SpringApplication.java:1107)
	at com.mgs.snake.DemoApplication.main(DemoApplication.java:10)
Caused by: org.springframework.jdbc.CannotGetJdbcConnectionException: Could not get JDBC Connection; nested exception is com.mysql.jdbc.exceptions.jdbc4.CommunicationsException: Communications link failure

The last packet sent successfully to the server was 0 milliseconds ago. The driver has not received any packets from the server.
	at org.springframework.jdbc.datasource.DataSourceUtils.getConnection(DataSourceUtils.java:80)
	at org.springframework.jdbc.support.JdbcUtils.extractDatabaseMetaData(JdbcUtils.java:326)
	... 61 common frames omitted
Caused by: com.mysql.jdbc.exceptions.jdbc4.CommunicationsException: Communications link failure

The last packet sent successfully to the server was 0 milliseconds ago. The driver has not received any packets from the server.
	at sun.reflect.NativeConstructorAccessorImpl.newInstance0(Native Method)
	at sun.reflect.NativeConstructorAccessorImpl.newInstance(NativeConstructorAccessorImpl.java:62)
	at sun.reflect.DelegatingConstructorAccessorImpl.newInstance(DelegatingConstructorAccessorImpl.java:45)
	at java.lang.reflect.Constructor.newInstance(Constructor.java:423)
	at com.mysql.jdbc.Util.handleNewInstance(Util.java:425)
	at com.mysql.jdbc.SQLError.createCommunicationsException(SQLError.java:990)
	at com.mysql.jdbc.MysqlIO.<init>(MysqlIO.java:342)
	at com.mysql.jdbc.ConnectionImpl.coreConnect(ConnectionImpl.java:2188)
	at com.mysql.jdbc.ConnectionImpl.connectOneTryOnly(ConnectionImpl.java:2221)
	at com.mysql.jdbc.ConnectionImpl.createNewIO(ConnectionImpl.java:2016)
	at com.mysql.jdbc.ConnectionImpl.<init>(ConnectionImpl.java:776)
	at com.mysql.jdbc.JDBC4Connection.<init>(JDBC4Connection.java:47)
	at sun.reflect.NativeConstructorAccessorImpl.newInstance0(Native Method)
	at sun.reflect.NativeConstructorAccessorImpl.newInstance(NativeConstructorAccessorImpl.java:62)
	at sun.reflect.DelegatingConstructorAccessorImpl.newInstance(DelegatingConstructorAccessorImpl.java:45)
	at java.lang.reflect.Constructor.newInstance(Constructor.java:423)
	at com.mysql.jdbc.Util.handleNewInstance(Util.java:425)
	at com.mysql.jdbc.ConnectionImpl.getInstance(ConnectionImpl.java:386)
	at com.mysql.jdbc.NonRegisteringDriver.connect(NonRegisteringDriver.java:330)
	at org.apache.tomcat.jdbc.pool.PooledConnection.connectUsingDriver(PooledConnection.java:319)
	at org.apache.tomcat.jdbc.pool.PooledConnection.connect(PooledConnection.java:212)
	at org.apache.tomcat.jdbc.pool.ConnectionPool.createConnection(ConnectionPool.java:736)
	at org.apache.tomcat.jdbc.pool.ConnectionPool.borrowConnection(ConnectionPool.java:668)
	at org.apache.tomcat.jdbc.pool.ConnectionPool.init(ConnectionPool.java:483)
	at org.apache.tomcat.jdbc.pool.ConnectionPool.<init>(ConnectionPool.java:154)
	at org.apache.tomcat.jdbc.pool.DataSourceProxy.pCreatePool(DataSourceProxy.java:118)
	at org.apache.tomcat.jdbc.pool.DataSourceProxy.createPool(DataSourceProxy.java:107)
	at org.apache.tomcat.jdbc.pool.DataSourceProxy.getConnection(DataSourceProxy.java:131)
	at org.springframework.jdbc.datasource.DataSourceUtils.doGetConnection(DataSourceUtils.java:111)
	at org.springframework.jdbc.datasource.DataSourceUtils.getConnection(DataSourceUtils.java:77)
	... 62 common frames omitted
Caused by: java.net.ConnectException: Operation timed out (Connection timed out)
	at java.net.PlainSocketImpl.socketConnect(Native Method)
	at java.net.AbstractPlainSocketImpl.doConnect(AbstractPlainSocketImpl.java:350)
	at java.net.AbstractPlainSocketImpl.connectToAddress(AbstractPlainSocketImpl.java:206)
	at java.net.AbstractPlainSocketImpl.connect(AbstractPlainSocketImpl.java:188)
	at java.net.SocksSocketImpl.connect(SocksSocketImpl.java:392)
	at java.net.Socket.connect(Socket.java:589)
	at com.mysql.jdbc.StandardSocketFactory.connect(StandardSocketFactory.java:211)
	at com.mysql.jdbc.MysqlIO.<init>(MysqlIO.java:301)
	... 85 common frames omitted
2019-05-22 15:43:56,931 Building JPA container EntityManagerFactory for persistence unit 'default'
2019-05-22 15:43:56,939 HHH000204: Processing PersistenceUnitInfo [
	name: default
	...]
2019-05-22 15:43:56,981 HHH000412: Hibernate Core {5.0.12.Final}
2019-05-22 15:43:56,982 HHH000206: hibernate.properties not found
2019-05-22 15:43:56,983 HHH000021: Bytecode provider name : javassist
2019-05-22 15:43:57,008 HCANN000001: Hibernate Commons Annotations {5.0.1.Final}
2019-05-22 15:45:12,431 HHH000342: Could not obtain connection to query metadata : Communications link failure

The last packet sent successfully to the server was 0 milliseconds ago. The driver has not received any packets from the server.
2019-05-22 15:45:12,432 Exception encountered during context initialization - cancelling refresh attempt: org.springframework.beans.factory.BeanCreationException: Error creating bean with name 'entityManagerFactory' defined in class path resource [org/springframework/boot/autoconfigure/orm/jpa/HibernateJpaAutoConfiguration.class]: Invocation of init method failed; nested exception is org.hibernate.service.spi.ServiceException: Unable to create requested service [org.hibernate.engine.jdbc.env.spi.JdbcEnvironment]
2019-05-22 15:45:12,434 Stopping service [Tomcat]
2019-05-22 15:45:12,442 

Error starting ApplicationContext. To display the auto-configuration report re-run your application with 'debug' enabled.
2019-05-22 15:47:07,258 Starting DemoApplication on zhoulirens-MacBook-Pro.local with PID 42542 (/Users/zhouliren/git/demo/target/classes started by zhouliren in /Users/zhouliren/git/demo)
2019-05-22 15:47:07,261 No active profile set, falling back to default profiles: default
2019-05-22 15:47:07,316 Refreshing org.springframework.boot.context.embedded.AnnotationConfigEmbeddedWebApplicationContext@595b007d: startup date [Wed May 22 15:47:07 CST 2019]; root of context hierarchy
2019-05-22 15:47:07,416 HV000001: Hibernate Validator 5.3.6.Final
2019-05-22 15:47:07,931 Bean 'org.springframework.transaction.annotation.ProxyTransactionManagementConfiguration' of type [org.springframework.transaction.annotation.ProxyTransactionManagementConfiguration$$EnhancerBySpringCGLIB$$e111e5f1] is not eligible for getting processed by all BeanPostProcessors (for example: not eligible for auto-proxying)
2019-05-22 15:47:08,149 Tomcat initialized with port(s): 8080 (http)
2019-05-22 15:47:08,160 Initializing ProtocolHandler ["http-nio-8080"]
2019-05-22 15:47:08,167 Starting service [Tomcat]
2019-05-22 15:47:08,167 Starting Servlet Engine: Apache Tomcat/8.5.31
2019-05-22 15:47:08,225 Initializing Spring embedded WebApplicationContext
2019-05-22 15:47:08,225 Root WebApplicationContext: initialization completed in 909 ms
2019-05-22 15:47:08,300 Mapping servlet: 'dispatcherServlet' to [/]
2019-05-22 15:47:08,301 Mapping filter: 'characterEncodingFilter' to: [/*]
2019-05-22 15:47:08,302 Mapping filter: 'hiddenHttpMethodFilter' to: [/*]
2019-05-22 15:47:08,302 Mapping filter: 'httpPutFormContentFilter' to: [/*]
2019-05-22 15:47:08,302 Mapping filter: 'requestContextFilter' to: [/*]
2019-05-22 15:47:25,929 Starting DemoApplication on zhoulirens-MacBook-Pro.local with PID 42550 (/Users/zhouliren/git/demo/target/classes started by zhouliren in /Users/zhouliren/git/demo)
2019-05-22 15:47:25,930 No active profile set, falling back to default profiles: default
2019-05-22 15:47:25,957 Refreshing org.springframework.boot.context.embedded.AnnotationConfigEmbeddedWebApplicationContext@595b007d: startup date [Wed May 22 15:47:25 CST 2019]; root of context hierarchy
2019-05-22 15:47:26,035 HV000001: Hibernate Validator 5.3.6.Final
2019-05-22 15:47:26,527 Bean 'org.springframework.transaction.annotation.ProxyTransactionManagementConfiguration' of type [org.springframework.transaction.annotation.ProxyTransactionManagementConfiguration$$EnhancerBySpringCGLIB$$efed52e5] is not eligible for getting processed by all BeanPostProcessors (for example: not eligible for auto-proxying)
2019-05-22 15:47:26,745 Tomcat initialized with port(s): 8080 (http)
2019-05-22 15:47:26,756 Initializing ProtocolHandler ["http-nio-8080"]
2019-05-22 15:47:26,763 Starting service [Tomcat]
2019-05-22 15:47:26,763 Starting Servlet Engine: Apache Tomcat/8.5.31
2019-05-22 15:47:26,834 Initializing Spring embedded WebApplicationContext
2019-05-22 15:47:26,834 Root WebApplicationContext: initialization completed in 877 ms
2019-05-22 15:47:26,922 Mapping servlet: 'dispatcherServlet' to [/]
2019-05-22 15:47:26,924 Mapping filter: 'characterEncodingFilter' to: [/*]
2019-05-22 15:47:26,925 Mapping filter: 'hiddenHttpMethodFilter' to: [/*]
2019-05-22 15:47:26,925 Mapping filter: 'httpPutFormContentFilter' to: [/*]
2019-05-22 15:47:26,925 Mapping filter: 'requestContextFilter' to: [/*]
2019-05-22 15:47:27,301 Building JPA container EntityManagerFactory for persistence unit 'default'
2019-05-22 15:47:27,309 HHH000204: Processing PersistenceUnitInfo [
	name: default
	...]
2019-05-22 15:47:27,346 HHH000412: Hibernate Core {5.0.12.Final}
2019-05-22 15:47:27,347 HHH000206: hibernate.properties not found
2019-05-22 15:47:27,348 HHH000021: Bytecode provider name : javassist
2019-05-22 15:47:27,374 HCANN000001: Hibernate Commons Annotations {5.0.1.Final}
2019-05-22 15:47:27,446 HHH000400: Using dialect: org.hibernate.dialect.MySQL5Dialect
2019-05-22 15:47:27,833 Initialized JPA EntityManagerFactory for persistence unit 'default'
2019-05-22 15:47:28,251 Looking for @ControllerAdvice: org.springframework.boot.context.embedded.AnnotationConfigEmbeddedWebApplicationContext@595b007d: startup date [Wed May 22 15:47:25 CST 2019]; root of context hierarchy
2019-05-22 15:47:28,303 Mapped "{[/buyer/product/list],methods=[GET]}" onto public com.mgs.snake.VO.ResultVO com.mgs.snake.controller.BuyerProductController.list()
2019-05-22 15:47:28,306 Mapped "{[/error]}" onto public org.springframework.http.ResponseEntity<java.util.Map<java.lang.String, java.lang.Object>> org.springframework.boot.autoconfigure.web.BasicErrorController.error(javax.servlet.http.HttpServletRequest)
2019-05-22 15:47:28,306 Mapped "{[/error],produces=[text/html]}" onto public org.springframework.web.servlet.ModelAndView org.springframework.boot.autoconfigure.web.BasicErrorController.errorHtml(javax.servlet.http.HttpServletRequest,javax.servlet.http.HttpServletResponse)
2019-05-22 15:47:28,324 Mapped URL path [/webjars/**] onto handler of type [class org.springframework.web.servlet.resource.ResourceHttpRequestHandler]
2019-05-22 15:47:28,324 Mapped URL path [/**] onto handler of type [class org.springframework.web.servlet.resource.ResourceHttpRequestHandler]
2019-05-22 15:47:28,349 Mapped URL path [/**/favicon.ico] onto handler of type [class org.springframework.web.servlet.resource.ResourceHttpRequestHandler]
2019-05-22 15:47:28,537 Registering beans for JMX exposure on startup
2019-05-22 15:47:28,551 Starting ProtocolHandler ["http-nio-8080"]
2019-05-22 15:47:28,575 Using a shared selector for servlet write/read
2019-05-22 15:47:28,586 Tomcat started on port(s): 8080 (http)
2019-05-22 15:47:28,591 Started DemoApplication in 2.901 seconds (JVM running for 3.281)
2019-05-22 15:47:32,665 Initializing Spring FrameworkServlet 'dispatcherServlet'
2019-05-22 15:47:32,665 FrameworkServlet 'dispatcherServlet': initialization started
2019-05-22 15:47:32,680 FrameworkServlet 'dispatcherServlet': initialization completed in 15 ms
2019-05-22 15:47:32,716 HHH000397: Using ASTQueryTranslatorFactory
2019-05-22 17:43:00,756 Closing org.springframework.boot.context.embedded.AnnotationConfigEmbeddedWebApplicationContext@595b007d: startup date [Wed May 22 15:47:25 CST 2019]; root of context hierarchy
2019-05-22 17:43:00,758 Unregistering JMX-exposed beans on shutdown
2019-05-22 17:43:00,759 Closing JPA EntityManagerFactory for persistence unit 'default'
2019-05-22 17:43:25,519 Starting DemoApplication on zhoulirens-MacBook-Pro.local with PID 43851 (/Users/zhouliren/git/demo/target/classes started by zhouliren in /Users/zhouliren/git/demo)
2019-05-22 17:43:25,521 No active profile set, falling back to default profiles: default
2019-05-22 17:43:25,548 Refreshing org.springframework.boot.context.embedded.AnnotationConfigEmbeddedWebApplicationContext@595b007d: startup date [Wed May 22 17:43:25 CST 2019]; root of context hierarchy
2019-05-22 17:43:25,622 HV000001: Hibernate Validator 5.3.6.Final
2019-05-22 17:43:26,115 Bean 'org.springframework.transaction.annotation.ProxyTransactionManagementConfiguration' of type [org.springframework.transaction.annotation.ProxyTransactionManagementConfiguration$$EnhancerBySpringCGLIB$$e111e5f1] is not eligible for getting processed by all BeanPostProcessors (for example: not eligible for auto-proxying)
2019-05-22 17:43:26,349 Tomcat initialized with port(s): 8080 (http)
2019-05-22 17:43:26,359 Initializing ProtocolHandler ["http-nio-8080"]
2019-05-22 17:43:26,365 Starting service [Tomcat]
2019-05-22 17:43:26,366 Starting Servlet Engine: Apache Tomcat/8.5.31
2019-05-22 17:43:26,417 Initializing Spring embedded WebApplicationContext
2019-05-22 17:43:26,417 Root WebApplicationContext: initialization completed in 869 ms
2019-05-22 17:43:26,490 Mapping servlet: 'dispatcherServlet' to [/]
2019-05-22 17:43:26,492 Mapping filter: 'characterEncodingFilter' to: [/*]
2019-05-22 17:43:26,493 Mapping filter: 'hiddenHttpMethodFilter' to: [/*]
2019-05-22 17:43:26,493 Mapping filter: 'httpPutFormContentFilter' to: [/*]
2019-05-22 17:43:26,493 Mapping filter: 'requestContextFilter' to: [/*]
2019-05-22 17:43:26,708 Unable to determine jdbc url from datasource
org.springframework.jdbc.support.MetaDataAccessException: Could not get Connection for extracting meta-data; nested exception is org.springframework.jdbc.CannotGetJdbcConnectionException: Could not get JDBC Connection; nested exception is com.mysql.jdbc.exceptions.jdbc4.CommunicationsException: Communications link failure

The last packet sent successfully to the server was 0 milliseconds ago. The driver has not received any packets from the server.
	at org.springframework.jdbc.support.JdbcUtils.extractDatabaseMetaData(JdbcUtils.java:339)
	at org.springframework.jdbc.support.JdbcUtils.extractDatabaseMetaData(JdbcUtils.java:366)
	at org.springframework.boot.autoconfigure.orm.jpa.DatabaseLookup.getDatabase(DatabaseLookup.java:72)
	at org.springframework.boot.autoconfigure.orm.jpa.JpaProperties.determineDatabase(JpaProperties.java:139)
	at org.springframework.boot.autoconfigure.orm.jpa.JpaBaseConfiguration.jpaVendorAdapter(JpaBaseConfiguration.java:105)
	at org.springframework.boot.autoconfigure.orm.jpa.HibernateJpaAutoConfiguration$$EnhancerBySpringCGLIB$$4a984a11.CGLIB$jpaVendorAdapter$3(<generated>)
	at org.springframework.boot.autoconfigure.orm.jpa.HibernateJpaAutoConfiguration$$EnhancerBySpringCGLIB$$4a984a11$$FastClassBySpringCGLIB$$8c0af557.invoke(<generated>)
	at org.springframework.cglib.proxy.MethodProxy.invokeSuper(MethodProxy.java:228)
	at org.springframework.context.annotation.ConfigurationClassEnhancer$BeanMethodInterceptor.intercept(ConfigurationClassEnhancer.java:358)
	at org.springframework.boot.autoconfigure.orm.jpa.HibernateJpaAutoConfiguration$$EnhancerBySpringCGLIB$$4a984a11.jpaVendorAdapter(<generated>)
	at sun.reflect.NativeMethodAccessorImpl.invoke0(Native Method)
	at sun.reflect.NativeMethodAccessorImpl.invoke(NativeMethodAccessorImpl.java:62)
	at sun.reflect.DelegatingMethodAccessorImpl.invoke(DelegatingMethodAccessorImpl.java:43)
	at java.lang.reflect.Method.invoke(Method.java:498)
	at org.springframework.beans.factory.support.SimpleInstantiationStrategy.instantiate(SimpleInstantiationStrategy.java:162)
	at org.springframework.beans.factory.support.ConstructorResolver.instantiateUsingFactoryMethod(ConstructorResolver.java:588)
	at org.springframework.beans.factory.support.AbstractAutowireCapableBeanFactory.instantiateUsingFactoryMethod(AbstractAutowireCapableBeanFactory.java:1181)
	at org.springframework.beans.factory.support.AbstractAutowireCapableBeanFactory.createBeanInstance(AbstractAutowireCapableBeanFactory.java:1075)
	at org.springframework.beans.factory.support.AbstractAutowireCapableBeanFactory.doCreateBean(AbstractAutowireCapableBeanFactory.java:513)
	at org.springframework.beans.factory.support.AbstractAutowireCapableBeanFactory.createBean(AbstractAutowireCapableBeanFactory.java:483)
	at org.springframework.beans.factory.support.AbstractBeanFactory$1.getObject(AbstractBeanFactory.java:312)
	at org.springframework.beans.factory.support.DefaultSingletonBeanRegistry.getSingleton(DefaultSingletonBeanRegistry.java:230)
	at org.springframework.beans.factory.support.AbstractBeanFactory.doGetBean(AbstractBeanFactory.java:308)
	at org.springframework.beans.factory.support.AbstractBeanFactory.getBean(AbstractBeanFactory.java:202)
	at org.springframework.beans.factory.config.DependencyDescriptor.resolveCandidate(DependencyDescriptor.java:208)
	at org.springframework.beans.factory.support.DefaultListableBeanFactory.doResolveDependency(DefaultListableBeanFactory.java:1138)
	at org.springframework.beans.factory.support.DefaultListableBeanFactory.resolveDependency(DefaultListableBeanFactory.java:1066)
	at org.springframework.beans.factory.support.ConstructorResolver.resolveAutowiredArgument(ConstructorResolver.java:835)
	at org.springframework.beans.factory.support.ConstructorResolver.createArgumentArray(ConstructorResolver.java:741)
	at org.springframework.beans.factory.support.ConstructorResolver.instantiateUsingFactoryMethod(ConstructorResolver.java:467)
	at org.springframework.beans.factory.support.AbstractAutowireCapableBeanFactory.instantiateUsingFactoryMethod(AbstractAutowireCapableBeanFactory.java:1181)
	at org.springframework.beans.factory.support.AbstractAutowireCapableBeanFactory.createBeanInstance(AbstractAutowireCapableBeanFactory.java:1075)
	at org.springframework.beans.factory.support.AbstractAutowireCapableBeanFactory.doCreateBean(AbstractAutowireCapableBeanFactory.java:513)
	at org.springframework.beans.factory.support.AbstractAutowireCapableBeanFactory.createBean(AbstractAutowireCapableBeanFactory.java:483)
	at org.springframework.beans.factory.support.AbstractBeanFactory$1.getObject(AbstractBeanFactory.java:312)
	at org.springframework.beans.factory.support.DefaultSingletonBeanRegistry.getSingleton(DefaultSingletonBeanRegistry.java:230)
	at org.springframework.beans.factory.support.AbstractBeanFactory.doGetBean(AbstractBeanFactory.java:308)
	at org.springframework.beans.factory.support.AbstractBeanFactory.getBean(AbstractBeanFactory.java:202)
	at org.springframework.beans.factory.config.DependencyDescriptor.resolveCandidate(DependencyDescriptor.java:208)
	at org.springframework.beans.factory.support.DefaultListableBeanFactory.doResolveDependency(DefaultListableBeanFactory.java:1138)
	at org.springframework.beans.factory.support.DefaultListableBeanFactory.resolveDependency(DefaultListableBeanFactory.java:1066)
	at org.springframework.beans.factory.support.ConstructorResolver.resolveAutowiredArgument(ConstructorResolver.java:835)
	at org.springframework.beans.factory.support.ConstructorResolver.createArgumentArray(ConstructorResolver.java:741)
	at org.springframework.beans.factory.support.ConstructorResolver.instantiateUsingFactoryMethod(ConstructorResolver.java:467)
	at org.springframework.beans.factory.support.AbstractAutowireCapableBeanFactory.instantiateUsingFactoryMethod(AbstractAutowireCapableBeanFactory.java:1181)
	at org.springframework.beans.factory.support.AbstractAutowireCapableBeanFactory.createBeanInstance(AbstractAutowireCapableBeanFactory.java:1075)
	at org.springframework.beans.factory.support.AbstractAutowireCapableBeanFactory.doCreateBean(AbstractAutowireCapableBeanFactory.java:513)
	at org.springframework.beans.factory.support.AbstractAutowireCapableBeanFactory.createBean(AbstractAutowireCapableBeanFactory.java:483)
	at org.springframework.beans.factory.support.AbstractBeanFactory$1.getObject(AbstractBeanFactory.java:312)
	at org.springframework.beans.factory.support.DefaultSingletonBeanRegistry.getSingleton(DefaultSingletonBeanRegistry.java:230)
	at org.springframework.beans.factory.support.AbstractBeanFactory.doGetBean(AbstractBeanFactory.java:308)
	at org.springframework.beans.factory.support.AbstractBeanFactory.getBean(AbstractBeanFactory.java:197)
	at org.springframework.context.support.AbstractApplicationContext.getBean(AbstractApplicationContext.java:1080)
	at org.springframework.context.support.AbstractApplicationContext.finishBeanFactoryInitialization(AbstractApplicationContext.java:857)
	at org.springframework.context.support.AbstractApplicationContext.refresh(AbstractApplicationContext.java:543)
	at org.springframework.boot.context.embedded.EmbeddedWebApplicationContext.refresh(EmbeddedWebApplicationContext.java:122)
	at org.springframework.boot.SpringApplication.refresh(SpringApplication.java:693)
	at org.springframework.boot.SpringApplication.refreshContext(SpringApplication.java:360)
	at org.springframework.boot.SpringApplication.run(SpringApplication.java:303)
	at org.springframework.boot.SpringApplication.run(SpringApplication.java:1118)
	at org.springframework.boot.SpringApplication.run(SpringApplication.java:1107)
	at com.mgs.snake.DemoApplication.main(DemoApplication.java:10)
Caused by: org.springframework.jdbc.CannotGetJdbcConnectionException: Could not get JDBC Connection; nested exception is com.mysql.jdbc.exceptions.jdbc4.CommunicationsException: Communications link failure

The last packet sent successfully to the server was 0 milliseconds ago. The driver has not received any packets from the server.
	at org.springframework.jdbc.datasource.DataSourceUtils.getConnection(DataSourceUtils.java:80)
	at org.springframework.jdbc.support.JdbcUtils.extractDatabaseMetaData(JdbcUtils.java:326)
	... 61 common frames omitted
Caused by: com.mysql.jdbc.exceptions.jdbc4.CommunicationsException: Communications link failure

The last packet sent successfully to the server was 0 milliseconds ago. The driver has not received any packets from the server.
	at sun.reflect.NativeConstructorAccessorImpl.newInstance0(Native Method)
	at sun.reflect.NativeConstructorAccessorImpl.newInstance(NativeConstructorAccessorImpl.java:62)
	at sun.reflect.DelegatingConstructorAccessorImpl.newInstance(DelegatingConstructorAccessorImpl.java:45)
	at java.lang.reflect.Constructor.newInstance(Constructor.java:423)
	at com.mysql.jdbc.Util.handleNewInstance(Util.java:425)
	at com.mysql.jdbc.SQLError.createCommunicationsException(SQLError.java:990)
	at com.mysql.jdbc.MysqlIO.<init>(MysqlIO.java:342)
	at com.mysql.jdbc.ConnectionImpl.coreConnect(ConnectionImpl.java:2188)
	at com.mysql.jdbc.ConnectionImpl.connectOneTryOnly(ConnectionImpl.java:2221)
	at com.mysql.jdbc.ConnectionImpl.createNewIO(ConnectionImpl.java:2016)
	at com.mysql.jdbc.ConnectionImpl.<init>(ConnectionImpl.java:776)
	at com.mysql.jdbc.JDBC4Connection.<init>(JDBC4Connection.java:47)
	at sun.reflect.NativeConstructorAccessorImpl.newInstance0(Native Method)
	at sun.reflect.NativeConstructorAccessorImpl.newInstance(NativeConstructorAccessorImpl.java:62)
	at sun.reflect.DelegatingConstructorAccessorImpl.newInstance(DelegatingConstructorAccessorImpl.java:45)
	at java.lang.reflect.Constructor.newInstance(Constructor.java:423)
	at com.mysql.jdbc.Util.handleNewInstance(Util.java:425)
	at com.mysql.jdbc.ConnectionImpl.getInstance(ConnectionImpl.java:386)
	at com.mysql.jdbc.NonRegisteringDriver.connect(NonRegisteringDriver.java:330)
	at org.apache.tomcat.jdbc.pool.PooledConnection.connectUsingDriver(PooledConnection.java:319)
	at org.apache.tomcat.jdbc.pool.PooledConnection.connect(PooledConnection.java:212)
	at org.apache.tomcat.jdbc.pool.ConnectionPool.createConnection(ConnectionPool.java:736)
	at org.apache.tomcat.jdbc.pool.ConnectionPool.borrowConnection(ConnectionPool.java:668)
	at org.apache.tomcat.jdbc.pool.ConnectionPool.init(ConnectionPool.java:483)
	at org.apache.tomcat.jdbc.pool.ConnectionPool.<init>(ConnectionPool.java:154)
	at org.apache.tomcat.jdbc.pool.DataSourceProxy.pCreatePool(DataSourceProxy.java:118)
	at org.apache.tomcat.jdbc.pool.DataSourceProxy.createPool(DataSourceProxy.java:107)
	at org.apache.tomcat.jdbc.pool.DataSourceProxy.getConnection(DataSourceProxy.java:131)
	at org.springframework.jdbc.datasource.DataSourceUtils.doGetConnection(DataSourceUtils.java:111)
	at org.springframework.jdbc.datasource.DataSourceUtils.getConnection(DataSourceUtils.java:77)
	... 62 common frames omitted
Caused by: java.net.SocketException: Network is unreachable (connect failed)
	at java.net.PlainSocketImpl.socketConnect(Native Method)
	at java.net.AbstractPlainSocketImpl.doConnect(AbstractPlainSocketImpl.java:350)
	at java.net.AbstractPlainSocketImpl.connectToAddress(AbstractPlainSocketImpl.java:206)
	at java.net.AbstractPlainSocketImpl.connect(AbstractPlainSocketImpl.java:188)
	at java.net.SocksSocketImpl.connect(SocksSocketImpl.java:392)
	at java.net.Socket.connect(Socket.java:589)
	at com.mysql.jdbc.StandardSocketFactory.connect(StandardSocketFactory.java:211)
	at com.mysql.jdbc.MysqlIO.<init>(MysqlIO.java:301)
	... 85 common frames omitted
2019-05-22 17:43:26,731 Building JPA container EntityManagerFactory for persistence unit 'default'
2019-05-22 17:43:26,739 HHH000204: Processing PersistenceUnitInfo [
	name: default
	...]
2019-05-22 17:43:26,775 HHH000412: Hibernate Core {5.0.12.Final}
2019-05-22 17:43:26,775 HHH000206: hibernate.properties not found
2019-05-22 17:43:26,776 HHH000021: Bytecode provider name : javassist
2019-05-22 17:43:26,797 HCANN000001: Hibernate Commons Annotations {5.0.1.Final}
2019-05-22 17:43:26,850 HHH000342: Could not obtain connection to query metadata : Communications link failure

The last packet sent successfully to the server was 0 milliseconds ago. The driver has not received any packets from the server.
2019-05-22 17:43:26,851 Exception encountered during context initialization - cancelling refresh attempt: org.springframework.beans.factory.BeanCreationException: Error creating bean with name 'entityManagerFactory' defined in class path resource [org/springframework/boot/autoconfigure/orm/jpa/HibernateJpaAutoConfiguration.class]: Invocation of init method failed; nested exception is org.hibernate.service.spi.ServiceException: Unable to create requested service [org.hibernate.engine.jdbc.env.spi.JdbcEnvironment]
2019-05-22 17:43:26,852 Stopping service [Tomcat]
2019-05-22 17:43:26,859 

Error starting ApplicationContext. To display the auto-configuration report re-run your application with 'debug' enabled.
2019-05-22 17:43:42,500 Starting DemoApplication on zhoulirens-MacBook-Pro.local with PID 43859 (/Users/zhouliren/git/demo/target/classes started by zhouliren in /Users/zhouliren/git/demo)
2019-05-22 17:43:42,502 No active profile set, falling back to default profiles: default
2019-05-22 17:43:42,528 Refreshing org.springframework.boot.context.embedded.AnnotationConfigEmbeddedWebApplicationContext@595b007d: startup date [Wed May 22 17:43:42 CST 2019]; root of context hierarchy
2019-05-22 17:43:42,596 HV000001: Hibernate Validator 5.3.6.Final
2019-05-22 17:43:43,100 Bean 'org.springframework.transaction.annotation.ProxyTransactionManagementConfiguration' of type [org.springframework.transaction.annotation.ProxyTransactionManagementConfiguration$$EnhancerBySpringCGLIB$$7c3bf472] is not eligible for getting processed by all BeanPostProcessors (for example: not eligible for auto-proxying)
2019-05-22 17:43:43,337 Tomcat initialized with port(s): 8080 (http)
2019-05-22 17:43:43,349 Initializing ProtocolHandler ["http-nio-8080"]
2019-05-22 17:43:43,357 Starting service [Tomcat]
2019-05-22 17:43:43,357 Starting Servlet Engine: Apache Tomcat/8.5.31
2019-05-22 17:43:43,429 Initializing Spring embedded WebApplicationContext
2019-05-22 17:43:43,430 Root WebApplicationContext: initialization completed in 902 ms
2019-05-22 17:43:43,516 Mapping servlet: 'dispatcherServlet' to [/]
2019-05-22 17:43:43,518 Mapping filter: 'characterEncodingFilter' to: [/*]
2019-05-22 17:43:43,519 Mapping filter: 'hiddenHttpMethodFilter' to: [/*]
2019-05-22 17:43:43,519 Mapping filter: 'httpPutFormContentFilter' to: [/*]
2019-05-22 17:43:43,519 Mapping filter: 'requestContextFilter' to: [/*]
2019-05-22 17:43:43,718 Unable to determine jdbc url from datasource
org.springframework.jdbc.support.MetaDataAccessException: Could not get Connection for extracting meta-data; nested exception is org.springframework.jdbc.CannotGetJdbcConnectionException: Could not get JDBC Connection; nested exception is com.mysql.jdbc.exceptions.jdbc4.CommunicationsException: Communications link failure

The last packet sent successfully to the server was 0 milliseconds ago. The driver has not received any packets from the server.
	at org.springframework.jdbc.support.JdbcUtils.extractDatabaseMetaData(JdbcUtils.java:339)
	at org.springframework.jdbc.support.JdbcUtils.extractDatabaseMetaData(JdbcUtils.java:366)
	at org.springframework.boot.autoconfigure.orm.jpa.DatabaseLookup.getDatabase(DatabaseLookup.java:72)
	at org.springframework.boot.autoconfigure.orm.jpa.JpaProperties.determineDatabase(JpaProperties.java:139)
	at org.springframework.boot.autoconfigure.orm.jpa.JpaBaseConfiguration.jpaVendorAdapter(JpaBaseConfiguration.java:105)
	at org.springframework.boot.autoconfigure.orm.jpa.HibernateJpaAutoConfiguration$$EnhancerBySpringCGLIB$$e5c25892.CGLIB$jpaVendorAdapter$8(<generated>)
	at org.springframework.boot.autoconfigure.orm.jpa.HibernateJpaAutoConfiguration$$EnhancerBySpringCGLIB$$e5c25892$$FastClassBySpringCGLIB$$9de93559.invoke(<generated>)
	at org.springframework.cglib.proxy.MethodProxy.invokeSuper(MethodProxy.java:228)
	at org.springframework.context.annotation.ConfigurationClassEnhancer$BeanMethodInterceptor.intercept(ConfigurationClassEnhancer.java:358)
	at org.springframework.boot.autoconfigure.orm.jpa.HibernateJpaAutoConfiguration$$EnhancerBySpringCGLIB$$e5c25892.jpaVendorAdapter(<generated>)
	at sun.reflect.NativeMethodAccessorImpl.invoke0(Native Method)
	at sun.reflect.NativeMethodAccessorImpl.invoke(NativeMethodAccessorImpl.java:62)
	at sun.reflect.DelegatingMethodAccessorImpl.invoke(DelegatingMethodAccessorImpl.java:43)
	at java.lang.reflect.Method.invoke(Method.java:498)
	at org.springframework.beans.factory.support.SimpleInstantiationStrategy.instantiate(SimpleInstantiationStrategy.java:162)
	at org.springframework.beans.factory.support.ConstructorResolver.instantiateUsingFactoryMethod(ConstructorResolver.java:588)
	at org.springframework.beans.factory.support.AbstractAutowireCapableBeanFactory.instantiateUsingFactoryMethod(AbstractAutowireCapableBeanFactory.java:1181)
	at org.springframework.beans.factory.support.AbstractAutowireCapableBeanFactory.createBeanInstance(AbstractAutowireCapableBeanFactory.java:1075)
	at org.springframework.beans.factory.support.AbstractAutowireCapableBeanFactory.doCreateBean(AbstractAutowireCapableBeanFactory.java:513)
	at org.springframework.beans.factory.support.AbstractAutowireCapableBeanFactory.createBean(AbstractAutowireCapableBeanFactory.java:483)
	at org.springframework.beans.factory.support.AbstractBeanFactory$1.getObject(AbstractBeanFactory.java:312)
	at org.springframework.beans.factory.support.DefaultSingletonBeanRegistry.getSingleton(DefaultSingletonBeanRegistry.java:230)
	at org.springframework.beans.factory.support.AbstractBeanFactory.doGetBean(AbstractBeanFactory.java:308)
	at org.springframework.beans.factory.support.AbstractBeanFactory.getBean(AbstractBeanFactory.java:202)
	at org.springframework.beans.factory.config.DependencyDescriptor.resolveCandidate(DependencyDescriptor.java:208)
	at org.springframework.beans.factory.support.DefaultListableBeanFactory.doResolveDependency(DefaultListableBeanFactory.java:1138)
	at org.springframework.beans.factory.support.DefaultListableBeanFactory.resolveDependency(DefaultListableBeanFactory.java:1066)
	at org.springframework.beans.factory.support.ConstructorResolver.resolveAutowiredArgument(ConstructorResolver.java:835)
	at org.springframework.beans.factory.support.ConstructorResolver.createArgumentArray(ConstructorResolver.java:741)
	at org.springframework.beans.factory.support.ConstructorResolver.instantiateUsingFactoryMethod(ConstructorResolver.java:467)
	at org.springframework.beans.factory.support.AbstractAutowireCapableBeanFactory.instantiateUsingFactoryMethod(AbstractAutowireCapableBeanFactory.java:1181)
	at org.springframework.beans.factory.support.AbstractAutowireCapableBeanFactory.createBeanInstance(AbstractAutowireCapableBeanFactory.java:1075)
	at org.springframework.beans.factory.support.AbstractAutowireCapableBeanFactory.doCreateBean(AbstractAutowireCapableBeanFactory.java:513)
	at org.springframework.beans.factory.support.AbstractAutowireCapableBeanFactory.createBean(AbstractAutowireCapableBeanFactory.java:483)
	at org.springframework.beans.factory.support.AbstractBeanFactory$1.getObject(AbstractBeanFactory.java:312)
	at org.springframework.beans.factory.support.DefaultSingletonBeanRegistry.getSingleton(DefaultSingletonBeanRegistry.java:230)
	at org.springframework.beans.factory.support.AbstractBeanFactory.doGetBean(AbstractBeanFactory.java:308)
	at org.springframework.beans.factory.support.AbstractBeanFactory.getBean(AbstractBeanFactory.java:202)
	at org.springframework.beans.factory.config.DependencyDescriptor.resolveCandidate(DependencyDescriptor.java:208)
	at org.springframework.beans.factory.support.DefaultListableBeanFactory.doResolveDependency(DefaultListableBeanFactory.java:1138)
	at org.springframework.beans.factory.support.DefaultListableBeanFactory.resolveDependency(DefaultListableBeanFactory.java:1066)
	at org.springframework.beans.factory.support.ConstructorResolver.resolveAutowiredArgument(ConstructorResolver.java:835)
	at org.springframework.beans.factory.support.ConstructorResolver.createArgumentArray(ConstructorResolver.java:741)
	at org.springframework.beans.factory.support.ConstructorResolver.instantiateUsingFactoryMethod(ConstructorResolver.java:467)
	at org.springframework.beans.factory.support.AbstractAutowireCapableBeanFactory.instantiateUsingFactoryMethod(AbstractAutowireCapableBeanFactory.java:1181)
	at org.springframework.beans.factory.support.AbstractAutowireCapableBeanFactory.createBeanInstance(AbstractAutowireCapableBeanFactory.java:1075)
	at org.springframework.beans.factory.support.AbstractAutowireCapableBeanFactory.doCreateBean(AbstractAutowireCapableBeanFactory.java:513)
	at org.springframework.beans.factory.support.AbstractAutowireCapableBeanFactory.createBean(AbstractAutowireCapableBeanFactory.java:483)
	at org.springframework.beans.factory.support.AbstractBeanFactory$1.getObject(AbstractBeanFactory.java:312)
	at org.springframework.beans.factory.support.DefaultSingletonBeanRegistry.getSingleton(DefaultSingletonBeanRegistry.java:230)
	at org.springframework.beans.factory.support.AbstractBeanFactory.doGetBean(AbstractBeanFactory.java:308)
	at org.springframework.beans.factory.support.AbstractBeanFactory.getBean(AbstractBeanFactory.java:197)
	at org.springframework.context.support.AbstractApplicationContext.getBean(AbstractApplicationContext.java:1080)
	at org.springframework.context.support.AbstractApplicationContext.finishBeanFactoryInitialization(AbstractApplicationContext.java:857)
	at org.springframework.context.support.AbstractApplicationContext.refresh(AbstractApplicationContext.java:543)
	at org.springframework.boot.context.embedded.EmbeddedWebApplicationContext.refresh(EmbeddedWebApplicationContext.java:122)
	at org.springframework.boot.SpringApplication.refresh(SpringApplication.java:693)
	at org.springframework.boot.SpringApplication.refreshContext(SpringApplication.java:360)
	at org.springframework.boot.SpringApplication.run(SpringApplication.java:303)
	at org.springframework.boot.SpringApplication.run(SpringApplication.java:1118)
	at org.springframework.boot.SpringApplication.run(SpringApplication.java:1107)
	at com.mgs.snake.DemoApplication.main(DemoApplication.java:10)
Caused by: org.springframework.jdbc.CannotGetJdbcConnectionException: Could not get JDBC Connection; nested exception is com.mysql.jdbc.exceptions.jdbc4.CommunicationsException: Communications link failure

The last packet sent successfully to the server was 0 milliseconds ago. The driver has not received any packets from the server.
	at org.springframework.jdbc.datasource.DataSourceUtils.getConnection(DataSourceUtils.java:80)
	at org.springframework.jdbc.support.JdbcUtils.extractDatabaseMetaData(JdbcUtils.java:326)
	... 61 common frames omitted
Caused by: com.mysql.jdbc.exceptions.jdbc4.CommunicationsException: Communications link failure

The last packet sent successfully to the server was 0 milliseconds ago. The driver has not received any packets from the server.
	at sun.reflect.NativeConstructorAccessorImpl.newInstance0(Native Method)
	at sun.reflect.NativeConstructorAccessorImpl.newInstance(NativeConstructorAccessorImpl.java:62)
	at sun.reflect.DelegatingConstructorAccessorImpl.newInstance(DelegatingConstructorAccessorImpl.java:45)
	at java.lang.reflect.Constructor.newInstance(Constructor.java:423)
	at com.mysql.jdbc.Util.handleNewInstance(Util.java:425)
	at com.mysql.jdbc.SQLError.createCommunicationsException(SQLError.java:990)
	at com.mysql.jdbc.MysqlIO.<init>(MysqlIO.java:342)
	at com.mysql.jdbc.ConnectionImpl.coreConnect(ConnectionImpl.java:2188)
	at com.mysql.jdbc.ConnectionImpl.connectOneTryOnly(ConnectionImpl.java:2221)
	at com.mysql.jdbc.ConnectionImpl.createNewIO(ConnectionImpl.java:2016)
	at com.mysql.jdbc.ConnectionImpl.<init>(ConnectionImpl.java:776)
	at com.mysql.jdbc.JDBC4Connection.<init>(JDBC4Connection.java:47)
	at sun.reflect.NativeConstructorAccessorImpl.newInstance0(Native Method)
	at sun.reflect.NativeConstructorAccessorImpl.newInstance(NativeConstructorAccessorImpl.java:62)
	at sun.reflect.DelegatingConstructorAccessorImpl.newInstance(DelegatingConstructorAccessorImpl.java:45)
	at java.lang.reflect.Constructor.newInstance(Constructor.java:423)
	at com.mysql.jdbc.Util.handleNewInstance(Util.java:425)
	at com.mysql.jdbc.ConnectionImpl.getInstance(ConnectionImpl.java:386)
	at com.mysql.jdbc.NonRegisteringDriver.connect(NonRegisteringDriver.java:330)
	at org.apache.tomcat.jdbc.pool.PooledConnection.connectUsingDriver(PooledConnection.java:319)
	at org.apache.tomcat.jdbc.pool.PooledConnection.connect(PooledConnection.java:212)
	at org.apache.tomcat.jdbc.pool.ConnectionPool.createConnection(ConnectionPool.java:736)
	at org.apache.tomcat.jdbc.pool.ConnectionPool.borrowConnection(ConnectionPool.java:668)
	at org.apache.tomcat.jdbc.pool.ConnectionPool.init(ConnectionPool.java:483)
	at org.apache.tomcat.jdbc.pool.ConnectionPool.<init>(ConnectionPool.java:154)
	at org.apache.tomcat.jdbc.pool.DataSourceProxy.pCreatePool(DataSourceProxy.java:118)
	at org.apache.tomcat.jdbc.pool.DataSourceProxy.createPool(DataSourceProxy.java:107)
	at org.apache.tomcat.jdbc.pool.DataSourceProxy.getConnection(DataSourceProxy.java:131)
	at org.springframework.jdbc.datasource.DataSourceUtils.doGetConnection(DataSourceUtils.java:111)
	at org.springframework.jdbc.datasource.DataSourceUtils.getConnection(DataSourceUtils.java:77)
	... 62 common frames omitted
Caused by: java.net.SocketException: Network is unreachable (connect failed)
	at java.net.PlainSocketImpl.socketConnect(Native Method)
	at java.net.AbstractPlainSocketImpl.doConnect(AbstractPlainSocketImpl.java:350)
	at java.net.AbstractPlainSocketImpl.connectToAddress(AbstractPlainSocketImpl.java:206)
	at java.net.AbstractPlainSocketImpl.connect(AbstractPlainSocketImpl.java:188)
	at java.net.SocksSocketImpl.connect(SocksSocketImpl.java:392)
	at java.net.Socket.connect(Socket.java:589)
	at com.mysql.jdbc.StandardSocketFactory.connect(StandardSocketFactory.java:211)
	at com.mysql.jdbc.MysqlIO.<init>(MysqlIO.java:301)
	... 85 common frames omitted
2019-05-22 17:43:43,741 Building JPA container EntityManagerFactory for persistence unit 'default'
2019-05-22 17:43:43,749 HHH000204: Processing PersistenceUnitInfo [
	name: default
	...]
2019-05-22 17:43:43,784 HHH000412: Hibernate Core {5.0.12.Final}
2019-05-22 17:43:43,784 HHH000206: hibernate.properties not found
2019-05-22 17:43:43,785 HHH000021: Bytecode provider name : javassist
2019-05-22 17:43:43,806 HCANN000001: Hibernate Commons Annotations {5.0.1.Final}
2019-05-22 17:43:43,856 HHH000342: Could not obtain connection to query metadata : Communications link failure

The last packet sent successfully to the server was 0 milliseconds ago. The driver has not received any packets from the server.
2019-05-22 17:43:43,857 Exception encountered during context initialization - cancelling refresh attempt: org.springframework.beans.factory.BeanCreationException: Error creating bean with name 'entityManagerFactory' defined in class path resource [org/springframework/boot/autoconfigure/orm/jpa/HibernateJpaAutoConfiguration.class]: Invocation of init method failed; nested exception is org.hibernate.service.spi.ServiceException: Unable to create requested service [org.hibernate.engine.jdbc.env.spi.JdbcEnvironment]
2019-05-22 17:43:43,858 Stopping service [Tomcat]
2019-05-22 17:43:43,865 

Error starting ApplicationContext. To display the auto-configuration report re-run your application with 'debug' enabled.
2019-05-22 17:46:06,006 Starting DemoApplication on zhoulirens-MacBook-Pro.local with PID 43905 (/Users/zhouliren/git/demo/target/classes started by zhouliren in /Users/zhouliren/git/demo)
2019-05-22 17:46:06,008 No active profile set, falling back to default profiles: default
2019-05-22 17:46:06,033 Refreshing org.springframework.boot.context.embedded.AnnotationConfigEmbeddedWebApplicationContext@595b007d: startup date [Wed May 22 17:46:06 CST 2019]; root of context hierarchy
2019-05-22 17:46:06,104 HV000001: Hibernate Validator 5.3.6.Final
2019-05-22 17:46:06,589 Bean 'org.springframework.transaction.annotation.ProxyTransactionManagementConfiguration' of type [org.springframework.transaction.annotation.ProxyTransactionManagementConfiguration$$EnhancerBySpringCGLIB$$320538b1] is not eligible for getting processed by all BeanPostProcessors (for example: not eligible for auto-proxying)
2019-05-22 17:46:06,829 Tomcat initialized with port(s): 8080 (http)
2019-05-22 17:46:06,841 Initializing ProtocolHandler ["http-nio-8080"]
2019-05-22 17:46:06,849 Starting service [Tomcat]
2019-05-22 17:46:06,849 Starting Servlet Engine: Apache Tomcat/8.5.31
2019-05-22 17:46:06,919 Initializing Spring embedded WebApplicationContext
2019-05-22 17:46:06,920 Root WebApplicationContext: initialization completed in 887 ms
2019-05-22 17:46:07,007 Mapping servlet: 'dispatcherServlet' to [/]
2019-05-22 17:46:07,009 Mapping filter: 'characterEncodingFilter' to: [/*]
2019-05-22 17:46:07,010 Mapping filter: 'hiddenHttpMethodFilter' to: [/*]
2019-05-22 17:46:07,010 Mapping filter: 'httpPutFormContentFilter' to: [/*]
2019-05-22 17:46:07,010 Mapping filter: 'requestContextFilter' to: [/*]
2019-05-22 17:46:07,357 Building JPA container EntityManagerFactory for persistence unit 'default'
2019-05-22 17:46:07,364 HHH000204: Processing PersistenceUnitInfo [
	name: default
	...]
2019-05-22 17:46:07,395 HHH000412: Hibernate Core {5.0.12.Final}
2019-05-22 17:46:07,395 HHH000206: hibernate.properties not found
2019-05-22 17:46:07,396 HHH000021: Bytecode provider name : javassist
2019-05-22 17:46:07,414 HCANN000001: Hibernate Commons Annotations {5.0.1.Final}
2019-05-22 17:46:07,467 HHH000400: Using dialect: org.hibernate.dialect.MySQL5Dialect
2019-05-22 17:46:07,572 Exception encountered during context initialization - cancelling refresh attempt: org.springframework.beans.factory.BeanCreationException: Error creating bean with name 'entityManagerFactory' defined in class path resource [org/springframework/boot/autoconfigure/orm/jpa/HibernateJpaAutoConfiguration.class]: Invocation of init method failed; nested exception is javax.persistence.PersistenceException: [PersistenceUnit: default] Unable to build Hibernate SessionFactory; nested exception is org.hibernate.MappingException: Repeated column in mapping for entity: com.mgs.snake.dataobject.OrderDetail column: product_id (should be mapped with insert="false" update="false")
2019-05-22 17:46:07,576 Stopping service [Tomcat]
2019-05-22 17:46:07,583 

Error starting ApplicationContext. To display the auto-configuration report re-run your application with 'debug' enabled.
2019-05-22 17:46:31,520 Starting DemoApplication on zhoulirens-MacBook-Pro.local with PID 43921 (/Users/zhouliren/git/demo/target/classes started by zhouliren in /Users/zhouliren/git/demo)
2019-05-22 17:46:31,521 No active profile set, falling back to default profiles: default
2019-05-22 17:46:31,548 Refreshing org.springframework.boot.context.embedded.AnnotationConfigEmbeddedWebApplicationContext@595b007d: startup date [Wed May 22 17:46:31 CST 2019]; root of context hierarchy
2019-05-22 17:46:31,618 HV000001: Hibernate Validator 5.3.6.Final
2019-05-22 17:46:32,110 Bean 'org.springframework.transaction.annotation.ProxyTransactionManagementConfiguration' of type [org.springframework.transaction.annotation.ProxyTransactionManagementConfiguration$$EnhancerBySpringCGLIB$$320538b1] is not eligible for getting processed by all BeanPostProcessors (for example: not eligible for auto-proxying)
2019-05-22 17:46:32,346 Tomcat initialized with port(s): 8080 (http)
2019-05-22 17:46:32,358 Initializing ProtocolHandler ["http-nio-8080"]
2019-05-22 17:46:32,366 Starting service [Tomcat]
2019-05-22 17:46:32,366 Starting Servlet Engine: Apache Tomcat/8.5.31
2019-05-22 17:46:32,434 Initializing Spring embedded WebApplicationContext
2019-05-22 17:46:32,435 Root WebApplicationContext: initialization completed in 887 ms
2019-05-22 17:46:32,523 Mapping servlet: 'dispatcherServlet' to [/]
2019-05-22 17:46:32,525 Mapping filter: 'characterEncodingFilter' to: [/*]
2019-05-22 17:46:32,525 Mapping filter: 'hiddenHttpMethodFilter' to: [/*]
2019-05-22 17:46:32,525 Mapping filter: 'httpPutFormContentFilter' to: [/*]
2019-05-22 17:46:32,525 Mapping filter: 'requestContextFilter' to: [/*]
2019-05-22 17:46:32,846 Building JPA container EntityManagerFactory for persistence unit 'default'
2019-05-22 17:46:32,852 HHH000204: Processing PersistenceUnitInfo [
	name: default
	...]
2019-05-22 17:46:32,883 HHH000412: Hibernate Core {5.0.12.Final}
2019-05-22 17:46:32,884 HHH000206: hibernate.properties not found
2019-05-22 17:46:32,885 HHH000021: Bytecode provider name : javassist
2019-05-22 17:46:32,902 HCANN000001: Hibernate Commons Annotations {5.0.1.Final}
2019-05-22 17:46:32,954 HHH000400: Using dialect: org.hibernate.dialect.MySQL5Dialect
2019-05-22 17:46:33,062 Exception encountered during context initialization - cancelling refresh attempt: org.springframework.beans.factory.BeanCreationException: Error creating bean with name 'entityManagerFactory' defined in class path resource [org/springframework/boot/autoconfigure/orm/jpa/HibernateJpaAutoConfiguration.class]: Invocation of init method failed; nested exception is javax.persistence.PersistenceException: [PersistenceUnit: default] Unable to build Hibernate SessionFactory; nested exception is org.hibernate.MappingException: Repeated column in mapping for entity: com.mgs.snake.dataobject.OrderDetail column: product_id (should be mapped with insert="false" update="false")
2019-05-22 17:46:33,066 Stopping service [Tomcat]
2019-05-22 17:46:33,073 

Error starting ApplicationContext. To display the auto-configuration report re-run your application with 'debug' enabled.
2019-05-22 17:55:03,713 Starting DemoApplication on zhoulirens-MacBook-Pro.local with PID 45570 (/Users/zhouliren/git/demo/target/classes started by zhouliren in /Users/zhouliren/git/demo)
2019-05-22 17:55:03,715 No active profile set, falling back to default profiles: default
2019-05-22 17:55:03,740 Refreshing org.springframework.boot.context.embedded.AnnotationConfigEmbeddedWebApplicationContext@595b007d: startup date [Wed May 22 17:55:03 CST 2019]; root of context hierarchy
2019-05-22 17:55:03,809 HV000001: Hibernate Validator 5.3.6.Final
2019-05-22 17:55:04,290 Bean 'org.springframework.transaction.annotation.ProxyTransactionManagementConfiguration' of type [org.springframework.transaction.annotation.ProxyTransactionManagementConfiguration$$EnhancerBySpringCGLIB$$ab73f6d] is not eligible for getting processed by all BeanPostProcessors (for example: not eligible for auto-proxying)
2019-05-22 17:55:04,511 Tomcat initialized with port(s): 8080 (http)
2019-05-22 17:55:04,521 Initializing ProtocolHandler ["http-nio-8080"]
2019-05-22 17:55:04,527 Starting service [Tomcat]
2019-05-22 17:55:04,527 Starting Servlet Engine: Apache Tomcat/8.5.31
2019-05-22 17:55:04,579 Initializing Spring embedded WebApplicationContext
2019-05-22 17:55:04,579 Root WebApplicationContext: initialization completed in 839 ms
2019-05-22 17:55:04,649 Mapping servlet: 'dispatcherServlet' to [/]
2019-05-22 17:55:04,651 Mapping filter: 'characterEncodingFilter' to: [/*]
2019-05-22 17:55:04,651 Mapping filter: 'hiddenHttpMethodFilter' to: [/*]
2019-05-22 17:55:04,651 Mapping filter: 'httpPutFormContentFilter' to: [/*]
2019-05-22 17:55:04,651 Mapping filter: 'requestContextFilter' to: [/*]
2019-05-22 17:55:04,980 Building JPA container EntityManagerFactory for persistence unit 'default'
2019-05-22 17:55:04,987 HHH000204: Processing PersistenceUnitInfo [
	name: default
	...]
2019-05-22 17:55:05,022 HHH000412: Hibernate Core {5.0.12.Final}
2019-05-22 17:55:05,023 HHH000206: hibernate.properties not found
2019-05-22 17:55:05,023 HHH000021: Bytecode provider name : javassist
2019-05-22 17:55:05,044 HCANN000001: Hibernate Commons Annotations {5.0.1.Final}
2019-05-22 17:55:05,101 HHH000400: Using dialect: org.hibernate.dialect.MySQL5Dialect
2019-05-22 17:55:05,376 Initialized JPA EntityManagerFactory for persistence unit 'default'
2019-05-22 17:55:05,670 Exception encountered during context initialization - cancelling refresh attempt: org.springframework.beans.factory.BeanCreationException: Error creating bean with name 'requestMappingHandlerAdapter' defined in class path resource [org/springframework/boot/autoconfigure/web/WebMvcAutoConfiguration$EnableWebMvcConfiguration.class]: Bean instantiation via factory method failed; nested exception is org.springframework.beans.BeanInstantiationException: Failed to instantiate [org.springframework.web.servlet.mvc.method.annotation.RequestMappingHandlerAdapter]: Factory method 'requestMappingHandlerAdapter' threw exception; nested exception is org.springframework.beans.factory.BeanCreationException: Error creating bean with name 'mvcConversionService' defined in class path resource [org/springframework/boot/autoconfigure/web/WebMvcAutoConfiguration$EnableWebMvcConfiguration.class]: Bean instantiation via factory method failed; nested exception is org.springframework.beans.BeanInstantiationException: Failed to instantiate [org.springframework.format.support.FormattingConversionService]: Factory method 'mvcConversionService' threw exception; nested exception is org.springframework.beans.factory.BeanCreationException: Error creating bean with name 'orderDetailRepository': Invocation of init method failed; nested exception is java.lang.IllegalArgumentException: Failed to create query method public abstract org.springframework.data.domain.Page com.mgs.snake.repository.OrderDetailRepository.findByOrder(java.lang.String,org.springframework.data.domain.Pageable)! No property order found for type OrderDetail! Did you mean 'orderId'?
2019-05-22 17:55:05,670 Closing JPA EntityManagerFactory for persistence unit 'default'
2019-05-22 17:55:05,674 Stopping service [Tomcat]
2019-05-22 17:55:05,682 

Error starting ApplicationContext. To display the auto-configuration report re-run your application with 'debug' enabled.
2019-05-22 17:55:42,149 Starting DemoApplication on zhoulirens-MacBook-Pro.local with PID 45582 (/Users/zhouliren/git/demo/target/classes started by zhouliren in /Users/zhouliren/git/demo)
2019-05-22 17:55:42,151 No active profile set, falling back to default profiles: default
2019-05-22 17:55:42,177 Refreshing org.springframework.boot.context.embedded.AnnotationConfigEmbeddedWebApplicationContext@595b007d: startup date [Wed May 22 17:55:42 CST 2019]; root of context hierarchy
2019-05-22 17:55:42,248 HV000001: Hibernate Validator 5.3.6.Final
2019-05-22 17:55:42,733 Bean 'org.springframework.transaction.annotation.ProxyTransactionManagementConfiguration' of type [org.springframework.transaction.annotation.ProxyTransactionManagementConfiguration$$EnhancerBySpringCGLIB$$320538b1] is not eligible for getting processed by all BeanPostProcessors (for example: not eligible for auto-proxying)
2019-05-22 17:55:42,969 Tomcat initialized with port(s): 8080 (http)
2019-05-22 17:55:42,981 Initializing ProtocolHandler ["http-nio-8080"]
2019-05-22 17:55:42,989 Starting service [Tomcat]
2019-05-22 17:55:42,989 Starting Servlet Engine: Apache Tomcat/8.5.31
2019-05-22 17:55:43,059 Initializing Spring embedded WebApplicationContext
2019-05-22 17:55:43,060 Root WebApplicationContext: initialization completed in 883 ms
2019-05-22 17:55:43,144 Mapping servlet: 'dispatcherServlet' to [/]
2019-05-22 17:55:43,146 Mapping filter: 'characterEncodingFilter' to: [/*]
2019-05-22 17:55:43,146 Mapping filter: 'hiddenHttpMethodFilter' to: [/*]
2019-05-22 17:55:43,146 Mapping filter: 'httpPutFormContentFilter' to: [/*]
2019-05-22 17:55:43,146 Mapping filter: 'requestContextFilter' to: [/*]
2019-05-22 17:55:43,466 Building JPA container EntityManagerFactory for persistence unit 'default'
2019-05-22 17:55:43,473 HHH000204: Processing PersistenceUnitInfo [
	name: default
	...]
2019-05-22 17:55:43,502 HHH000412: Hibernate Core {5.0.12.Final}
2019-05-22 17:55:43,503 HHH000206: hibernate.properties not found
2019-05-22 17:55:43,504 HHH000021: Bytecode provider name : javassist
2019-05-22 17:55:43,521 HCANN000001: Hibernate Commons Annotations {5.0.1.Final}
2019-05-22 17:55:43,574 HHH000400: Using dialect: org.hibernate.dialect.MySQL5Dialect
2019-05-22 17:55:43,851 Initialized JPA EntityManagerFactory for persistence unit 'default'
2019-05-22 17:55:44,125 Exception encountered during context initialization - cancelling refresh attempt: org.springframework.beans.factory.BeanCreationException: Error creating bean with name 'requestMappingHandlerAdapter' defined in class path resource [org/springframework/boot/autoconfigure/web/WebMvcAutoConfiguration$EnableWebMvcConfiguration.class]: Bean instantiation via factory method failed; nested exception is org.springframework.beans.BeanInstantiationException: Failed to instantiate [org.springframework.web.servlet.mvc.method.annotation.RequestMappingHandlerAdapter]: Factory method 'requestMappingHandlerAdapter' threw exception; nested exception is org.springframework.beans.factory.BeanCreationException: Error creating bean with name 'mvcConversionService' defined in class path resource [org/springframework/boot/autoconfigure/web/WebMvcAutoConfiguration$EnableWebMvcConfiguration.class]: Bean instantiation via factory method failed; nested exception is org.springframework.beans.BeanInstantiationException: Failed to instantiate [org.springframework.format.support.FormattingConversionService]: Factory method 'mvcConversionService' threw exception; nested exception is org.springframework.beans.factory.BeanCreationException: Error creating bean with name 'orderDetailRepository': Invocation of init method failed; nested exception is java.lang.IllegalArgumentException: Failed to create query method public abstract org.springframework.data.domain.Page com.mgs.snake.repository.OrderDetailRepository.findByOrder(java.lang.String,org.springframework.data.domain.Pageable)! No property order found for type OrderDetail! Did you mean 'orderId'?
2019-05-22 17:55:44,126 Closing JPA EntityManagerFactory for persistence unit 'default'
2019-05-22 17:55:44,129 Stopping service [Tomcat]
2019-05-22 17:55:44,136 

Error starting ApplicationContext. To display the auto-configuration report re-run your application with 'debug' enabled.
2019-05-22 17:57:32,043 Starting DemoApplication on zhoulirens-MacBook-Pro.local with PID 45611 (/Users/zhouliren/git/demo/target/classes started by zhouliren in /Users/zhouliren/git/demo)
2019-05-22 17:57:32,045 No active profile set, falling back to default profiles: default
2019-05-22 17:57:32,073 Refreshing org.springframework.boot.context.embedded.AnnotationConfigEmbeddedWebApplicationContext@595b007d: startup date [Wed May 22 17:57:32 CST 2019]; root of context hierarchy
2019-05-22 17:57:32,145 HV000001: Hibernate Validator 5.3.6.Final
2019-05-22 17:57:32,573 Bean 'org.springframework.transaction.annotation.ProxyTransactionManagementConfiguration' of type [org.springframework.transaction.annotation.ProxyTransactionManagementConfiguration$$EnhancerBySpringCGLIB$$81d2200d] is not eligible for getting processed by all BeanPostProcessors (for example: not eligible for auto-proxying)
2019-05-22 17:57:32,777 Tomcat initialized with port(s): 8080 (http)
2019-05-22 17:57:32,787 Initializing ProtocolHandler ["http-nio-8080"]
2019-05-22 17:57:32,793 Starting service [Tomcat]
2019-05-22 17:57:32,793 Starting Servlet Engine: Apache Tomcat/8.5.31
2019-05-22 17:57:32,848 Initializing Spring embedded WebApplicationContext
2019-05-22 17:57:32,848 Root WebApplicationContext: initialization completed in 775 ms
2019-05-22 17:57:32,919 Mapping servlet: 'dispatcherServlet' to [/]
2019-05-22 17:57:32,921 Mapping filter: 'characterEncodingFilter' to: [/*]
2019-05-22 17:57:32,921 Mapping filter: 'hiddenHttpMethodFilter' to: [/*]
2019-05-22 17:57:32,921 Mapping filter: 'httpPutFormContentFilter' to: [/*]
2019-05-22 17:57:32,921 Mapping filter: 'requestContextFilter' to: [/*]
2019-05-22 17:57:33,250 Building JPA container EntityManagerFactory for persistence unit 'default'
2019-05-22 17:57:33,256 HHH000204: Processing PersistenceUnitInfo [
	name: default
	...]
2019-05-22 17:57:33,290 HHH000412: Hibernate Core {5.0.12.Final}
2019-05-22 17:57:33,290 HHH000206: hibernate.properties not found
2019-05-22 17:57:33,291 HHH000021: Bytecode provider name : javassist
2019-05-22 17:57:33,313 HCANN000001: Hibernate Commons Annotations {5.0.1.Final}
2019-05-22 17:57:33,372 HHH000400: Using dialect: org.hibernate.dialect.MySQL5Dialect
2019-05-22 17:57:33,648 Initialized JPA EntityManagerFactory for persistence unit 'default'
2019-05-22 17:57:33,947 Exception encountered during context initialization - cancelling refresh attempt: org.springframework.beans.factory.BeanCreationException: Error creating bean with name 'requestMappingHandlerAdapter' defined in class path resource [org/springframework/boot/autoconfigure/web/WebMvcAutoConfiguration$EnableWebMvcConfiguration.class]: Bean instantiation via factory method failed; nested exception is org.springframework.beans.BeanInstantiationException: Failed to instantiate [org.springframework.web.servlet.mvc.method.annotation.RequestMappingHandlerAdapter]: Factory method 'requestMappingHandlerAdapter' threw exception; nested exception is org.springframework.beans.factory.BeanCreationException: Error creating bean with name 'mvcConversionService' defined in class path resource [org/springframework/boot/autoconfigure/web/WebMvcAutoConfiguration$EnableWebMvcConfiguration.class]: Bean instantiation via factory method failed; nested exception is org.springframework.beans.BeanInstantiationException: Failed to instantiate [org.springframework.format.support.FormattingConversionService]: Factory method 'mvcConversionService' threw exception; nested exception is org.springframework.beans.factory.BeanCreationException: Error creating bean with name 'orderDetailRepository': Invocation of init method failed; nested exception is java.lang.IllegalArgumentException: Failed to create query method public abstract org.springframework.data.domain.Page com.mgs.snake.repository.OrderDetailRepository.findByOrder(java.lang.String,org.springframework.data.domain.Pageable)! No property order found for type OrderDetail! Did you mean 'orderId'?
2019-05-22 17:57:33,947 Closing JPA EntityManagerFactory for persistence unit 'default'
2019-05-22 17:57:33,951 Stopping service [Tomcat]
2019-05-22 17:57:33,959 

Error starting ApplicationContext. To display the auto-configuration report re-run your application with 'debug' enabled.
2019-05-22 17:57:57,551 Starting DemoApplication on zhoulirens-MacBook-Pro.local with PID 45618 (/Users/zhouliren/git/demo/target/classes started by zhouliren in /Users/zhouliren/git/demo)
2019-05-22 17:57:57,553 No active profile set, falling back to default profiles: default
2019-05-22 17:57:57,579 Refreshing org.springframework.boot.context.embedded.AnnotationConfigEmbeddedWebApplicationContext@595b007d: startup date [Wed May 22 17:57:57 CST 2019]; root of context hierarchy
2019-05-22 17:57:57,653 HV000001: Hibernate Validator 5.3.6.Final
2019-05-22 17:57:58,160 Bean 'org.springframework.transaction.annotation.ProxyTransactionManagementConfiguration' of type [org.springframework.transaction.annotation.ProxyTransactionManagementConfiguration$$EnhancerBySpringCGLIB$$529aa206] is not eligible for getting processed by all BeanPostProcessors (for example: not eligible for auto-proxying)
2019-05-22 17:57:58,406 Tomcat initialized with port(s): 8080 (http)
2019-05-22 17:57:58,419 Initializing ProtocolHandler ["http-nio-8080"]
2019-05-22 17:57:58,427 Starting service [Tomcat]
2019-05-22 17:57:58,427 Starting Servlet Engine: Apache Tomcat/8.5.31
2019-05-22 17:57:58,501 Initializing Spring embedded WebApplicationContext
2019-05-22 17:57:58,501 Root WebApplicationContext: initialization completed in 922 ms
2019-05-22 17:57:58,583 Mapping servlet: 'dispatcherServlet' to [/]
2019-05-22 17:57:58,585 Mapping filter: 'characterEncodingFilter' to: [/*]
2019-05-22 17:57:58,585 Mapping filter: 'hiddenHttpMethodFilter' to: [/*]
2019-05-22 17:57:58,585 Mapping filter: 'httpPutFormContentFilter' to: [/*]
2019-05-22 17:57:58,585 Mapping filter: 'requestContextFilter' to: [/*]
2019-05-22 17:57:58,912 Building JPA container EntityManagerFactory for persistence unit 'default'
2019-05-22 17:57:58,919 HHH000204: Processing PersistenceUnitInfo [
	name: default
	...]
2019-05-22 17:57:58,951 HHH000412: Hibernate Core {5.0.12.Final}
2019-05-22 17:57:58,952 HHH000206: hibernate.properties not found
2019-05-22 17:57:58,952 HHH000021: Bytecode provider name : javassist
2019-05-22 17:57:58,971 HCANN000001: Hibernate Commons Annotations {5.0.1.Final}
2019-05-22 17:57:59,029 HHH000400: Using dialect: org.hibernate.dialect.MySQL5Dialect
2019-05-22 17:57:59,342 Initialized JPA EntityManagerFactory for persistence unit 'default'
2019-05-22 17:57:59,634 Exception encountered during context initialization - cancelling refresh attempt: org.springframework.beans.factory.BeanCreationException: Error creating bean with name 'requestMappingHandlerAdapter' defined in class path resource [org/springframework/boot/autoconfigure/web/WebMvcAutoConfiguration$EnableWebMvcConfiguration.class]: Bean instantiation via factory method failed; nested exception is org.springframework.beans.BeanInstantiationException: Failed to instantiate [org.springframework.web.servlet.mvc.method.annotation.RequestMappingHandlerAdapter]: Factory method 'requestMappingHandlerAdapter' threw exception; nested exception is org.springframework.beans.factory.BeanCreationException: Error creating bean with name 'mvcConversionService' defined in class path resource [org/springframework/boot/autoconfigure/web/WebMvcAutoConfiguration$EnableWebMvcConfiguration.class]: Bean instantiation via factory method failed; nested exception is org.springframework.beans.BeanInstantiationException: Failed to instantiate [org.springframework.format.support.FormattingConversionService]: Factory method 'mvcConversionService' threw exception; nested exception is org.springframework.beans.factory.BeanCreationException: Error creating bean with name 'orderDetailRepository': Invocation of init method failed; nested exception is java.lang.IllegalArgumentException: Failed to create query method public abstract org.springframework.data.domain.Page com.mgs.snake.repository.OrderDetailRepository.findByOrder(java.lang.String,org.springframework.data.domain.Pageable)! No property order found for type OrderDetail! Did you mean 'orderId'?
2019-05-22 17:57:59,634 Closing JPA EntityManagerFactory for persistence unit 'default'
2019-05-22 17:57:59,638 Stopping service [Tomcat]
2019-05-22 17:57:59,646 

Error starting ApplicationContext. To display the auto-configuration report re-run your application with 'debug' enabled.
2019-05-22 17:58:47,460 Starting DemoApplication on zhoulirens-MacBook-Pro.local with PID 45630 (/Users/zhouliren/git/demo/target/classes started by zhouliren in /Users/zhouliren/git/demo)
2019-05-22 17:58:47,461 No active profile set, falling back to default profiles: default
2019-05-22 17:58:47,486 Refreshing org.springframework.boot.context.embedded.AnnotationConfigEmbeddedWebApplicationContext@595b007d: startup date [Wed May 22 17:58:47 CST 2019]; root of context hierarchy
2019-05-22 17:58:47,558 HV000001: Hibernate Validator 5.3.6.Final
2019-05-22 17:58:48,029 Bean 'org.springframework.transaction.annotation.ProxyTransactionManagementConfiguration' of type [org.springframework.transaction.annotation.ProxyTransactionManagementConfiguration$$EnhancerBySpringCGLIB$$efed52e5] is not eligible for getting processed by all BeanPostProcessors (for example: not eligible for auto-proxying)
2019-05-22 17:58:48,250 Tomcat initialized with port(s): 8080 (http)
2019-05-22 17:58:48,260 Initializing ProtocolHandler ["http-nio-8080"]
2019-05-22 17:58:48,267 Starting service [Tomcat]
2019-05-22 17:58:48,267 Starting Servlet Engine: Apache Tomcat/8.5.31
2019-05-22 17:58:48,332 Initializing Spring embedded WebApplicationContext
2019-05-22 17:58:48,332 Root WebApplicationContext: initialization completed in 846 ms
2019-05-22 17:58:48,412 Mapping servlet: 'dispatcherServlet' to [/]
2019-05-22 17:58:48,414 Mapping filter: 'characterEncodingFilter' to: [/*]
2019-05-22 17:58:48,415 Mapping filter: 'hiddenHttpMethodFilter' to: [/*]
2019-05-22 17:58:48,415 Mapping filter: 'httpPutFormContentFilter' to: [/*]
2019-05-22 17:58:48,415 Mapping filter: 'requestContextFilter' to: [/*]
2019-05-22 17:58:48,741 Building JPA container EntityManagerFactory for persistence unit 'default'
2019-05-22 17:58:48,748 HHH000204: Processing PersistenceUnitInfo [
	name: default
	...]
2019-05-22 17:58:48,781 HHH000412: Hibernate Core {5.0.12.Final}
2019-05-22 17:58:48,782 HHH000206: hibernate.properties not found
2019-05-22 17:58:48,782 HHH000021: Bytecode provider name : javassist
2019-05-22 17:58:48,801 HCANN000001: Hibernate Commons Annotations {5.0.1.Final}
2019-05-22 17:58:48,856 HHH000400: Using dialect: org.hibernate.dialect.MySQL5Dialect
2019-05-22 17:58:49,172 Initialized JPA EntityManagerFactory for persistence unit 'default'
2019-05-22 17:58:49,484 Looking for @ControllerAdvice: org.springframework.boot.context.embedded.AnnotationConfigEmbeddedWebApplicationContext@595b007d: startup date [Wed May 22 17:58:47 CST 2019]; root of context hierarchy
2019-05-22 17:58:49,520 Mapped "{[/buyer/product/list],methods=[GET]}" onto public com.mgs.snake.VO.ResultVO com.mgs.snake.controller.BuyerProductController.list()
2019-05-22 17:58:49,523 Mapped "{[/error]}" onto public org.springframework.http.ResponseEntity<java.util.Map<java.lang.String, java.lang.Object>> org.springframework.boot.autoconfigure.web.BasicErrorController.error(javax.servlet.http.HttpServletRequest)
2019-05-22 17:58:49,523 Mapped "{[/error],produces=[text/html]}" onto public org.springframework.web.servlet.ModelAndView org.springframework.boot.autoconfigure.web.BasicErrorController.errorHtml(javax.servlet.http.HttpServletRequest,javax.servlet.http.HttpServletResponse)
2019-05-22 17:58:49,538 Mapped URL path [/webjars/**] onto handler of type [class org.springframework.web.servlet.resource.ResourceHttpRequestHandler]
2019-05-22 17:58:49,538 Mapped URL path [/**] onto handler of type [class org.springframework.web.servlet.resource.ResourceHttpRequestHandler]
2019-05-22 17:58:49,558 Mapped URL path [/**/favicon.ico] onto handler of type [class org.springframework.web.servlet.resource.ResourceHttpRequestHandler]
2019-05-22 17:58:49,714 Registering beans for JMX exposure on startup
2019-05-22 17:58:49,723 Starting ProtocolHandler ["http-nio-8080"]
2019-05-22 17:58:49,745 Using a shared selector for servlet write/read
2019-05-22 17:58:49,752 Tomcat started on port(s): 8080 (http)
2019-05-22 17:58:49,756 Started DemoApplication in 2.531 seconds (JVM running for 2.868)
2019-05-22 17:58:55,852 Closing org.springframework.boot.context.embedded.AnnotationConfigEmbeddedWebApplicationContext@595b007d: startup date [Wed May 22 17:58:47 CST 2019]; root of context hierarchy
2019-05-22 17:58:55,854 Unregistering JMX-exposed beans on shutdown
2019-05-22 17:58:55,855 Closing JPA EntityManagerFactory for persistence unit 'default'
